#
# There is insufficient memory for the Java Runtime Environment to continue.
# Native memory allocation (mmap) failed to map 65536 bytes for committing reserved memory.
# Possible reasons:
#   The system is out of physical RAM or swap space
#   In 32 bit mode, the process size limit was hit
# Possible solutions:
#   Reduce memory load on the system
#   Increase physical memory or swap space
#   Check if swap backing store is full
#   Use 64 bit Java on a 64 bit OS
#   Decrease Java heap size (-Xmx/-Xms)
#   Decrease number of Java threads
#   Decrease Java thread stack sizes (-Xss)
#   Set larger code cache with -XX:ReservedCodeCacheSize=
# This output file may be truncated or incomplete.
#
#  Out of Memory Error (os_linux.cpp:2640), pid=6719, tid=0x00007f8ad01de700
#
# JRE version: Java(TM) SE Runtime Environment (8.0_161-b12) (build 1.8.0_161-b12)
# Java VM: Java HotSpot(TM) 64-Bit Server VM (25.161-b12 mixed mode linux-amd64 compressed oops)
# Failed to write core dump. Core dumps have been disabled. To enable core dumping, try "ulimit -c unlimited" before starting Java again
#

---------------  T H R E A D  ---------------

Current thread (0x00007f8ae00b0000):  JavaThread "C2 CompilerThread0" daemon [_thread_in_vm, id=6742, stack(0x00007f8ad00de000,0x00007f8ad01df000)]

Stack: [0x00007f8ad00de000,0x00007f8ad01df000],  sp=0x00007f8ad01da350,  free space=1008k
Native frames: (J=compiled Java code, j=interpreted, Vv=VM code, C=native code)
V  [libjvm.so+0xacf94a]  VMError::report_and_die()+0x2ba
V  [libjvm.so+0x50050b]  report_vm_out_of_memory(char const*, int, unsigned long, VMErrorType, char const*)+0x8b
V  [libjvm.so+0x92b133]  os::Linux::commit_memory_impl(char*, unsigned long, bool)+0x103
V  [libjvm.so+0x92b5c9]  os::pd_commit_memory(char*, unsigned long, unsigned long, bool)+0x29
V  [libjvm.so+0x924c0a]  os::commit_memory(char*, unsigned long, unsigned long, bool)+0x2a
V  [libjvm.so+0xacb629]  VirtualSpace::expand_by(unsigned long, bool)+0x199
V  [libjvm.so+0x61f7ac]  CodeHeap::expand_by(unsigned long)+0x8c
V  [libjvm.so+0x4842d0]  CodeCache::allocate(int, bool)+0x60
V  [libjvm.so+0x47ef75]  BufferBlob::create(char const*, int)+0x95
V  [libjvm.so+0x482fda]  CodeBuffer::initialize(int, int)+0x1a
V  [libjvm.so+0x93d878]  Compile::init_buffer(unsigned int*)+0x208
V  [libjvm.so+0x943691]  Compile::Output()+0x381
V  [libjvm.so+0x4a6eeb]  Compile::Code_Gen()+0x31b
V  [libjvm.so+0x4a96b1]  Compile::Compile(ciEnv*, C2Compiler*, ciMethod*, int, bool, bool, bool)+0x14b1
V  [libjvm.so+0x3f57d5]  C2Compiler::compile_method(ciEnv*, ciMethod*, int)+0x1f5
V  [libjvm.so+0x4b3c2a]  CompileBroker::invoke_compiler_on_method(CompileTask*)+0xcba
V  [libjvm.so+0x4b4bd6]  CompileBroker::compiler_thread_loop()+0x5d6
V  [libjvm.so+0xa7eaa3]  JavaThread::thread_main_inner()+0x103
V  [libjvm.so+0xa7ebec]  JavaThread::run()+0x11c
V  [libjvm.so+0x92da28]  java_start(Thread*)+0x108
C  [libpthread.so.0+0x76ba]  start_thread+0xca


Current CompileTask:
C2:   8776 2802   !   4       java.net.URLClassLoader$1::run (63 bytes)


---------------  P R O C E S S  ---------------

Java Threads: ( => current thread )
  0x00007f8ae00bd000 JavaThread "Service Thread" daemon [_thread_blocked, id=6744, stack(0x00007f8ac3dfe000,0x00007f8ac3eff000)]
  0x00007f8ae00b2000 JavaThread "C1 CompilerThread1" daemon [_thread_blocked, id=6743, stack(0x00007f8ac3eff000,0x00007f8ac4000000)]
=>0x00007f8ae00b0000 JavaThread "C2 CompilerThread0" daemon [_thread_in_vm, id=6742, stack(0x00007f8ad00de000,0x00007f8ad01df000)]
  0x00007f8ae00ae800 JavaThread "Signal Dispatcher" daemon [_thread_blocked, id=6741, stack(0x00007f8ad01df000,0x00007f8ad02e0000)]
  0x00007f8ae007b800 JavaThread "Finalizer" daemon [_thread_blocked, id=6740, stack(0x00007f8ad0dfe000,0x00007f8ad0eff000)]
  0x00007f8ae0076800 JavaThread "Reference Handler" daemon [_thread_blocked, id=6739, stack(0x00007f8ad0eff000,0x00007f8ad1000000)]
  0x00007f8ae000a800 JavaThread "main" [_thread_in_native, id=6737, stack(0x00007f8ae7f74000,0x00007f8ae8075000)]

Other Threads:
  0x00007f8ae006f000 VMThread [stack: 0x00007f8ae40e4000,0x00007f8ae41e5000] [id=6738]
  0x00007f8ae00c2800 WatcherThread [stack: 0x00007f8ac3cfd000,0x00007f8ac3dfe000] [id=6745]

VM state:not at safepoint (normal execution)

VM Mutex/Monitor currently owned by a thread:  ([mutex/lock_event])
[0x00007f8ae0006080] CodeCache_lock - owner thread: 0x00007f8ae00b0000

Heap:
 def new generation   total 6464K, used 5549K [0x00000000f0800000, 0x00000000f0f00000, 0x00000000f5aa0000)
  eden space 5760K,  84% used [0x00000000f0800000, 0x00000000f0cbb5c8, 0x00000000f0da0000)
  from space 704K,  99% used [0x00000000f0da0000, 0x00000000f0e4fff8, 0x00000000f0e50000)
  to   space 704K,   0% used [0x00000000f0e50000, 0x00000000f0e50000, 0x00000000f0f00000)
 tenured generation   total 14268K, used 9162K [0x00000000f5aa0000, 0x00000000f688f000, 0x0000000100000000)
   the space 14268K,  64% used [0x00000000f5aa0000, 0x00000000f6392bf8, 0x00000000f6392c00, 0x00000000f688f000)
 Metaspace       used 21769K, capacity 22272K, committed 22528K, reserved 1069056K
  class space    used 2637K, capacity 2778K, committed 2816K, reserved 1048576K

Card table byte_map: [0x00007f8ae7ef7000,0x00007f8ae7f74000] byte_map_base: 0x00007f8ae7773000

Polling page: 0x00007f8ae808e000

CodeCache: size=245760Kb used=8148Kb max_used=8148Kb free=237611Kb
 bounds [0x00007f8ad1000000, 0x00007f8ad1800000, 0x00007f8ae0000000]
 total_blobs=3213 nmethods=2839 adapters=285
 compilation: enabled

Compilation events (10 events):
Event: 5,447 Thread 0x00007f8ae00b2000 2872       2       com.sun.tools.javac.file.RelativePath$RelativeDirectory::basename (44 bytes)
Event: 5,448 Thread 0x00007f8ae00b2000 nmethod 2872 0x00007f8ad17f6e90 code [0x00007f8ad17f7000, 0x00007f8ad17f71d0]
Event: 5,466 Thread 0x00007f8ae00b2000 2873       3       java.lang.String::compareTo (78 bytes)
Event: 5,884 Thread 0x00007f8ae00b2000 nmethod 2873 0x00007f8ad17f7310 code [0x00007f8ad17f74a0, 0x00007f8ad17f77f0]
Event: 6,563 Thread 0x00007f8ae00b2000 2874       2       java.util.ComparableTimSort::gallopRight (327 bytes)
Event: 6,627 Thread 0x00007f8ae00b2000 nmethod 2874 0x00007f8ad17f7a10 code [0x00007f8ad17f7be0, 0x00007f8ad17f81b0]
Event: 6,639 Thread 0x00007f8ae00b2000 2877       2       java.util.ComparableTimSort::binarySort (223 bytes)
Event: 6,704 Thread 0x00007f8ae00b2000 nmethod 2877 0x00007f8ad17f8610 code [0x00007f8ad17f87c0, 0x00007f8ad17f8dd0]
Event: 6,714 Thread 0x00007f8ae00b2000 2875       2       java.util.ComparableTimSort::gallopLeft (327 bytes)
Event: 7,477 Thread 0x00007f8ae00b2000 nmethod 2875 0x00007f8ad17f9210 code [0x00007f8ad17f93e0, 0x00007f8ad17f9970]

GC Heap History (10 events):
Event: 3,040 GC heap before
{Heap before GC invocations=35 (full 0):
 def new generation   total 4928K, used 4733K [0x00000000f0800000, 0x00000000f0d50000, 0x00000000f5aa0000)
  eden space 4416K, 100% used [0x00000000f0800000, 0x00000000f0c50000, 0x00000000f0c50000)
  from space 512K,  62% used [0x00000000f0cd0000, 0x00000000f0d1f638, 0x00000000f0d50000)
  to   space 512K,   0% used [0x00000000f0c50000, 0x00000000f0c50000, 0x00000000f0cd0000)
 tenured generation   total 10944K, used 10384K [0x00000000f5aa0000, 0x00000000f6550000, 0x0000000100000000)
   the space 10944K,  94% used [0x00000000f5aa0000, 0x00000000f64c4360, 0x00000000f64c4400, 0x00000000f6550000)
 Metaspace       used 17425K, capacity 17770K, committed 18048K, reserved 1064960K
  class space    used 2070K, capacity 2152K, committed 2176K, reserved 1048576K
Event: 3,041 GC heap after
Heap after GC invocations=36 (full 0):
 def new generation   total 4928K, used 410K [0x00000000f0800000, 0x00000000f0d50000, 0x00000000f5aa0000)
  eden space 4416K,   0% used [0x00000000f0800000, 0x00000000f0800000, 0x00000000f0c50000)
  from space 512K,  80% used [0x00000000f0c50000, 0x00000000f0cb68a0, 0x00000000f0cd0000)
  to   space 512K,   0% used [0x00000000f0cd0000, 0x00000000f0cd0000, 0x00000000f0d50000)
 tenured generation   total 10944K, used 10508K [0x00000000f5aa0000, 0x00000000f6550000, 0x0000000100000000)
   the space 10944K,  96% used [0x00000000f5aa0000, 0x00000000f64e30e0, 0x00000000f64e3200, 0x00000000f6550000)
 Metaspace       used 17425K, capacity 17770K, committed 18048K, reserved 1064960K
  class space    used 2070K, capacity 2152K, committed 2176K, reserved 1048576K
}
Event: 3,143 GC heap before
{Heap before GC invocations=36 (full 0):
 def new generation   total 4928K, used 4826K [0x00000000f0800000, 0x00000000f0d50000, 0x00000000f5aa0000)
  eden space 4416K, 100% used [0x00000000f0800000, 0x00000000f0c50000, 0x00000000f0c50000)
  from space 512K,  80% used [0x00000000f0c50000, 0x00000000f0cb68a0, 0x00000000f0cd0000)
  to   space 512K,   0% used [0x00000000f0cd0000, 0x00000000f0cd0000, 0x00000000f0d50000)
 tenured generation   total 10944K, used 10508K [0x00000000f5aa0000, 0x00000000f6550000, 0x0000000100000000)
   the space 10944K,  96% used [0x00000000f5aa0000, 0x00000000f64e30e0, 0x00000000f64e3200, 0x00000000f6550000)
 Metaspace       used 17547K, capacity 17946K, committed 18176K, reserved 1064960K
  class space    used 2081K, capacity 2192K, committed 2304K, reserved 1048576K
Event: 3,145 GC heap after
Heap after GC invocations=37 (full 0):
 def new generation   total 4928K, used 512K [0x00000000f0800000, 0x00000000f0d50000, 0x00000000f5aa0000)
  eden space 4416K,   0% used [0x00000000f0800000, 0x00000000f0800000, 0x00000000f0c50000)
  from space 512K, 100% used [0x00000000f0cd0000, 0x00000000f0d50000, 0x00000000f0d50000)
  to   space 512K,   0% used [0x00000000f0c50000, 0x00000000f0c50000, 0x00000000f0cd0000)
 tenured generation   total 10944K, used 10737K [0x00000000f5aa0000, 0x00000000f6550000, 0x0000000100000000)
   the space 10944K,  98% used [0x00000000f5aa0000, 0x00000000f651c748, 0x00000000f651c800, 0x00000000f6550000)
 Metaspace       used 17547K, capacity 17946K, committed 18176K, reserved 1064960K
  class space    used 2081K, capacity 2192K, committed 2304K, reserved 1048576K
}
Event: 3,622 GC heap before
{Heap before GC invocations=37 (full 0):
 def new generation   total 4928K, used 4899K [0x00000000f0800000, 0x00000000f0d50000, 0x00000000f5aa0000)
  eden space 4416K,  99% used [0x00000000f0800000, 0x00000000f0c48fe8, 0x00000000f0c50000)
  from space 512K, 100% used [0x00000000f0cd0000, 0x00000000f0d50000, 0x00000000f0d50000)
  to   space 512K,   0% used [0x00000000f0c50000, 0x00000000f0c50000, 0x00000000f0cd0000)
 tenured generation   total 10944K, used 10737K [0x00000000f5aa0000, 0x00000000f6550000, 0x0000000100000000)
   the space 10944K,  98% used [0x00000000f5aa0000, 0x00000000f651c748, 0x00000000f651c800, 0x00000000f6550000)
 Metaspace       used 18264K, capacity 18656K, committed 18944K, reserved 1067008K
  class space    used 2174K, capacity 2298K, committed 2304K, reserved 1048576K
Event: 4,342 GC heap after
Heap after GC invocations=38 (full 1):
 def new generation   total 6464K, used 0K [0x00000000f0800000, 0x00000000f0f00000, 0x00000000f5aa0000)
  eden space 5760K,   0% used [0x00000000f0800000, 0x00000000f0800000, 0x00000000f0da0000)
  from space 704K,   0% used [0x00000000f0da0000, 0x00000000f0da0000, 0x00000000f0e50000)
  to   space 704K,   0% used [0x00000000f0e50000, 0x00000000f0e50000, 0x00000000f0f00000)
 tenured generation   total 14268K, used 8559K [0x00000000f5aa0000, 0x00000000f688f000, 0x0000000100000000)
   the space 14268K,  59% used [0x00000000f5aa0000, 0x00000000f62fbf50, 0x00000000f62fc000, 0x00000000f688f000)
 Metaspace       used 18264K, capacity 18656K, committed 18944K, reserved 1067008K
  class space    used 2174K, capacity 2298K, committed 2304K, reserved 1048576K
}
Event: 4,741 GC heap before
{Heap before GC invocations=38 (full 1):
 def new generation   total 6464K, used 5760K [0x00000000f0800000, 0x00000000f0f00000, 0x00000000f5aa0000)
  eden space 5760K, 100% used [0x00000000f0800000, 0x00000000f0da0000, 0x00000000f0da0000)
  from space 704K,   0% used [0x00000000f0da0000, 0x00000000f0da0000, 0x00000000f0e50000)
  to   space 704K,   0% used [0x00000000f0e50000, 0x00000000f0e50000, 0x00000000f0f00000)
 tenured generation   total 14268K, used 8559K [0x00000000f5aa0000, 0x00000000f688f000, 0x0000000100000000)
   the space 14268K,  59% used [0x00000000f5aa0000, 0x00000000f62fbf50, 0x00000000f62fc000, 0x00000000f688f000)
 Metaspace       used 19978K, capacity 20448K, committed 20736K, reserved 1067008K
  class space    used 2418K, capacity 2554K, committed 2560K, reserved 1048576K
Event: 4,746 GC heap after
Heap after GC invocations=39 (full 1):
 def new generation   total 6464K, used 604K [0x00000000f0800000, 0x00000000f0f00000, 0x00000000f5aa0000)
  eden space 5760K,   0% used [0x00000000f0800000, 0x00000000f0800000, 0x00000000f0da0000)
  from space 704K,  85% used [0x00000000f0e50000, 0x00000000f0ee7170, 0x00000000f0f00000)
  to   space 704K,   0% used [0x00000000f0da0000, 0x00000000f0da0000, 0x00000000f0e50000)
 tenured generation   total 14268K, used 8559K [0x00000000f5aa0000, 0x00000000f688f000, 0x0000000100000000)
   the space 14268K,  59% used [0x00000000f5aa0000, 0x00000000f62fbf50, 0x00000000f62fc000, 0x00000000f688f000)
 Metaspace       used 19978K, capacity 20448K, committed 20736K, reserved 1067008K
  class space    used 2418K, capacity 2554K, committed 2560K, reserved 1048576K
}
Event: 5,396 GC heap before
{Heap before GC invocations=39 (full 1):
 def new generation   total 6464K, used 6364K [0x00000000f0800000, 0x00000000f0f00000, 0x00000000f5aa0000)
  eden space 5760K, 100% used [0x00000000f0800000, 0x00000000f0da0000, 0x00000000f0da0000)
  from space 704K,  85% used [0x00000000f0e50000, 0x00000000f0ee7170, 0x00000000f0f00000)
  to   space 704K,   0% used [0x00000000f0da0000, 0x00000000f0da0000, 0x00000000f0e50000)
 tenured generation   total 14268K, used 8559K [0x00000000f5aa0000, 0x00000000f688f000, 0x0000000100000000)
   the space 14268K,  59% used [0x00000000f5aa0000, 0x00000000f62fbf50, 0x00000000f62fc000, 0x00000000f688f000)
 Metaspace       used 21729K, capacity 22112K, committed 22272K, reserved 1069056K
  class space    used 2634K, capacity 2746K, committed 2816K, reserved 1048576K
Event: 5,404 GC heap after
Heap after GC invocations=40 (full 1):
 def new generation   total 6464K, used 703K [0x00000000f0800000, 0x00000000f0f00000, 0x00000000f5aa0000)
  eden space 5760K,   0% used [0x00000000f0800000, 0x00000000f0800000, 0x00000000f0da0000)
  from space 704K,  99% used [0x00000000f0da0000, 0x00000000f0e4fff8, 0x00000000f0e50000)
  to   space 704K,   0% used [0x00000000f0e50000, 0x00000000f0e50000, 0x00000000f0f00000)
 tenured generation   total 14268K, used 9162K [0x00000000f5aa0000, 0x00000000f688f000, 0x0000000100000000)
   the space 14268K,  64% used [0x00000000f5aa0000, 0x00000000f6392bf8, 0x00000000f6392c00, 0x00000000f688f000)
 Metaspace       used 21729K, capacity 22112K, committed 22272K, reserved 1069056K
  class space    used 2634K, capacity 2746K, committed 2816K, reserved 1048576K
}

Deoptimization events (10 events):
Event: 2,159 Thread 0x00007f8ae000a800 Uncommon trap: reason=unstable_if action=reinterpret pc=0x00007f8ad11ea0dc method=sun.nio.cs.UTF_8$Decoder.decode([BII[C)I @ 30
Event: 2,161 Thread 0x00007f8ae000a800 Uncommon trap: reason=unstable_if action=reinterpret pc=0x00007f8ad12c21b8 method=sun.nio.cs.UTF_8$Decoder.decodeArrayLoop(Ljava/nio/ByteBuffer;Ljava/nio/CharBuffer;)Ljava/nio/charset/CoderResult; @ 84
Event: 2,250 Thread 0x00007f8ae000a800 Uncommon trap: reason=unstable_if action=reinterpret pc=0x00007f8ad157dffc method=org.codehaus.plexus.util.xml.pull.MXParser.nextImpl()I @ 1161
Event: 2,294 Thread 0x00007f8ae000a800 Uncommon trap: reason=unstable_if action=reinterpret pc=0x00007f8ad134464c method=java.util.HashMap.hash(Ljava/lang/Object;)I @ 1
Event: 2,295 Thread 0x00007f8ae000a800 Uncommon trap: reason=unstable_if action=reinterpret pc=0x00007f8ad1365f28 method=java.util.HashMap.hash(Ljava/lang/Object;)I @ 1
Event: 2,580 Thread 0x00007f8ae000a800 Uncommon trap: reason=unstable_if action=reinterpret pc=0x00007f8ad16193f8 method=org.codehaus.plexus.util.xml.pull.MXParser.nextImpl()I @ 310
Event: 2,681 Thread 0x00007f8ae000a800 Uncommon trap: reason=class_check action=maybe_recompile pc=0x00007f8ad139d164 method=java.lang.reflect.Executable.getAnnotation(Ljava/lang/Class;)Ljava/lang/annotation/Annotation; @ 19
Event: 2,991 Thread 0x00007f8ae000a800 Uncommon trap: reason=unstable_if action=reinterpret pc=0x00007f8ad16a3cc4 method=java.lang.String.trim()Ljava/lang/String; @ 63
Event: 3,121 Thread 0x00007f8ae000a800 Uncommon trap: reason=class_check action=maybe_recompile pc=0x00007f8ad139d164 method=java.lang.reflect.Executable.getAnnotation(Ljava/lang/Class;)Ljava/lang/annotation/Annotation; @ 19
Event: 5,287 Thread 0x00007f8ae000a800 Uncommon trap: reason=unstable_if action=reinterpret pc=0x00007f8ad12afd68 method=java.nio.charset.CharsetDecoder.decode(Ljava/nio/ByteBuffer;Ljava/nio/CharBuffer;Z)Ljava/nio/charset/CoderResult; @ 1

Classes redefined (0 events):
No events

Internal exceptions (10 events):
Event: 1,941 Thread 0x00007f8ae000a800 Exception <a 'java/lang/NullPointerException'> (0x00000000f089f400) thrown at [/HUDSON/workspace/8-2-build-linux-amd64/jdk8u161/10277/hotspot/src/share/vm/interpreter/linkResolver.cpp, line 1185]
Event: 1,941 Thread 0x00007f8ae000a800 Exception <a 'java/lang/NullPointerException'> (0x00000000f089f618) thrown at [/HUDSON/workspace/8-2-build-linux-amd64/jdk8u161/10277/hotspot/src/share/vm/interpreter/linkResolver.cpp, line 1185]
Event: 1,941 Thread 0x00007f8ae000a800 Exception <a 'java/lang/NullPointerException'> (0x00000000f089f830) thrown at [/HUDSON/workspace/8-2-build-linux-amd64/jdk8u161/10277/hotspot/src/share/vm/interpreter/linkResolver.cpp, line 1185]
Event: 1,941 Thread 0x00007f8ae000a800 Exception <a 'java/lang/NullPointerException'> (0x00000000f08a6008) thrown at [/HUDSON/workspace/8-2-build-linux-amd64/jdk8u161/10277/hotspot/src/share/vm/interpreter/linkResolver.cpp, line 1185]
Event: 1,941 Thread 0x00007f8ae000a800 Exception <a 'java/lang/NullPointerException'> (0x00000000f08a6220) thrown at [/HUDSON/workspace/8-2-build-linux-amd64/jdk8u161/10277/hotspot/src/share/vm/interpreter/linkResolver.cpp, line 1185]
Event: 1,941 Thread 0x00007f8ae000a800 Exception <a 'java/lang/NullPointerException'> (0x00000000f08a6438) thrown at [/HUDSON/workspace/8-2-build-linux-amd64/jdk8u161/10277/hotspot/src/share/vm/interpreter/linkResolver.cpp, line 1185]
Event: 2,294 Thread 0x00007f8ae000a800 Implicit null exception at 0x00007f8ad1344435 to 0x00007f8ad134463d
Event: 2,295 Thread 0x00007f8ae000a800 Implicit null exception at 0x00007f8ad1365eaf to 0x00007f8ad1365f19
Event: 3,449 Thread 0x00007f8ae000a800 Exception <a 'java/lang/ClassNotFoundException': com/sun/tools/javac/api/JavacTool> (0x00000000f0b0cba8) thrown at [/HUDSON/workspace/8-2-build-linux-amd64/jdk8u161/10277/hotspot/src/share/vm/classfile/systemDictionary.cpp, line 210]
Event: 7,618 Thread 0x00007f8ae000a800 Exception <a 'java/io/FileNotFoundException'> (0x00000000f0c95e70) thrown at [/HUDSON/workspace/8-2-build-linux-amd64/jdk8u161/10277/hotspot/src/share/vm/prims/jni.cpp, line 709]

Events (10 events):
Event: 5,440 Thread 0x00007f8ae000a800 DEOPT PACKING pc=0x00007f8ad17e6971 sp=0x00007f8ae8071600
Event: 5,440 Thread 0x00007f8ae000a800 DEOPT UNPACKING pc=0x00007f8ad1047784 sp=0x00007f8ae8071448 mode 0
Event: 5,471 Thread 0x00007f8ae000a800 DEOPT PACKING pc=0x00007f8ad14bf715 sp=0x00007f8ae80713e0
Event: 5,478 Thread 0x00007f8ae000a800 DEOPT UNPACKING pc=0x00007f8ad1047784 sp=0x00007f8ae80710f0 mode 0
Event: 5,516 Thread 0x00007f8ae000a800 DEOPT PACKING pc=0x00007f8ad14bf715 sp=0x00007f8ae80714f0
Event: 5,535 Thread 0x00007f8ae000a800 DEOPT UNPACKING pc=0x00007f8ad1047784 sp=0x00007f8ae8071200 mode 0
Event: 5,613 Thread 0x00007f8ae000a800 DEOPT PACKING pc=0x00007f8ad14bf715 sp=0x00007f8ae80713e0
Event: 5,631 Thread 0x00007f8ae000a800 DEOPT UNPACKING pc=0x00007f8ad1047784 sp=0x00007f8ae80710f0 mode 0
Event: 5,921 Thread 0x00007f8ae000a800 DEOPT PACKING pc=0x00007f8ad14bf715 sp=0x00007f8ae80713e0
Event: 6,494 Thread 0x00007f8ae000a800 DEOPT UNPACKING pc=0x00007f8ad1047784 sp=0x00007f8ae80710f0 mode 0


Dynamic libraries:
00400000-00401000 r-xp 00000000 08:01 281878                             /usr/lib/jvm/java-8-oracle/bin/java
00600000-00601000 rw-p 00000000 08:01 281878                             /usr/lib/jvm/java-8-oracle/bin/java
01880000-018a1000 rw-p 00000000 00:00 0                                  [heap]
f0800000-f0f00000 rw-p 00000000 00:00 0 
f0f00000-f5aa0000 ---p 00000000 00:00 0 
f5aa0000-f688f000 rw-p 00000000 00:00 0 
f688f000-100000000 ---p 00000000 00:00 0 
100000000-1002c0000 rw-p 00000000 00:00 0 
1002c0000-140000000 ---p 00000000 00:00 0 
7f8ab0000000-7f8ab08f2000 rw-p 00000000 00:00 0 
7f8ab08f2000-7f8ab4000000 ---p 00000000 00:00 0 
7f8ab4000000-7f8ab4021000 rw-p 00000000 00:00 0 
7f8ab4021000-7f8ab8000000 ---p 00000000 00:00 0 
7f8ab8000000-7f8ab9cb6000 rw-p 00000000 00:00 0 
7f8ab9cb6000-7f8abc000000 ---p 00000000 00:00 0 
7f8abc000000-7f8abc021000 rw-p 00000000 00:00 0 
7f8abc021000-7f8ac0000000 ---p 00000000 00:00 0 
7f8ac2c5c000-7f8ac2d9c000 rw-p 00000000 00:00 0 
7f8ac2d9c000-7f8ac2e5c000 ---p 00000000 00:00 0 
7f8ac2e5c000-7f8ac305c000 rw-p 00000000 00:00 0 
7f8ac305c000-7f8ac30d5000 r--s 010f9000 08:01 281985                     /usr/lib/jvm/java-8-oracle/lib/tools.jar
7f8ac30d5000-7f8ac32d5000 rw-p 00000000 00:00 0 
7f8ac32d5000-7f8ac32e6000 r-xp 00000000 08:01 283475                     /usr/lib/jvm/java-8-oracle/jre/lib/amd64/libnio.so
7f8ac32e6000-7f8ac34e5000 ---p 00011000 08:01 283475                     /usr/lib/jvm/java-8-oracle/jre/lib/amd64/libnio.so
7f8ac34e5000-7f8ac34e6000 rw-p 00010000 08:01 283475                     /usr/lib/jvm/java-8-oracle/jre/lib/amd64/libnio.so
7f8ac34e6000-7f8ac34fc000 r-xp 00000000 08:01 283472                     /usr/lib/jvm/java-8-oracle/jre/lib/amd64/libnet.so
7f8ac34fc000-7f8ac36fc000 ---p 00016000 08:01 283472                     /usr/lib/jvm/java-8-oracle/jre/lib/amd64/libnet.so
7f8ac36fc000-7f8ac36fd000 rw-p 00016000 08:01 283472                     /usr/lib/jvm/java-8-oracle/jre/lib/amd64/libnet.so
7f8ac36fd000-7f8ac38fd000 rw-p 00000000 00:00 0 
7f8ac38fd000-7f8ac3afd000 rw-p 00000000 00:00 0 
7f8ac3afd000-7f8ac3cfd000 rw-p 00000000 00:00 0 
7f8ac3cfd000-7f8ac3cfe000 ---p 00000000 00:00 0 
7f8ac3cfe000-7f8ac3dfe000 rw-p 00000000 00:00 0 
7f8ac3dfe000-7f8ac3e01000 ---p 00000000 00:00 0 
7f8ac3e01000-7f8ac3eff000 rw-p 00000000 00:00 0 
7f8ac3eff000-7f8ac3f02000 ---p 00000000 00:00 0 
7f8ac3f02000-7f8ac4000000 rw-p 00000000 00:00 0 
7f8ac4000000-7f8ac4021000 rw-p 00000000 00:00 0 
7f8ac4021000-7f8ac8000000 ---p 00000000 00:00 0 
7f8ac8000000-7f8ac8021000 rw-p 00000000 00:00 0 
7f8ac8021000-7f8acc000000 ---p 00000000 00:00 0 
7f8acc000000-7f8acc062000 rw-p 00000000 00:00 0 
7f8acc062000-7f8ad0000000 ---p 00000000 00:00 0 
7f8ad0009000-7f8ad000c000 r--s 0001b000 08:01 289958                     /home/dilara/.m2/repository/junit/junit/3.8.2/junit-3.8.2.jar
7f8ad000c000-7f8ad001a000 r--s 0008f000 08:01 586973                     /home/dilara/.m2/repository/com/google/collections/google-collections/1.0/google-collections-1.0.jar
7f8ad001a000-7f8ad001b000 r--s 0000a000 08:01 586971                     /home/dilara/.m2/repository/commons-logging/commons-logging-api/1.1/commons-logging-api-1.1.jar
7f8ad001b000-7f8ad0022000 r--s 00051000 08:01 586966                     /home/dilara/.m2/repository/log4j/log4j/1.2.12/log4j-1.2.12.jar
7f8ad0022000-7f8ad0026000 r--s 0001d000 08:01 289961                     /home/dilara/.m2/repository/org/apache/xbean/xbean-reflect/3.4/xbean-reflect-3.4.jar
7f8ad0026000-7f8ad0027000 r--s 00004000 08:01 289959                     /home/dilara/.m2/repository/org/codehaus/plexus/plexus-compiler-javac/2.4/plexus-compiler-javac-2.4.jar
7f8ad0027000-7f8ad0029000 r--s 00000000 08:01 289957                     /home/dilara/.m2/repository/org/codehaus/plexus/plexus-compiler-manager/2.4/plexus-compiler-manager-2.4.jar
7f8ad0029000-7f8ad002b000 r--s 00005000 08:01 289941                     /home/dilara/.m2/repository/org/codehaus/plexus/plexus-compiler-api/2.4/plexus-compiler-api-2.4.jar
7f8ad002b000-7f8ad002d000 r--s 00000000 08:01 289935                     /home/dilara/.m2/repository/org/codehaus/plexus/plexus-component-annotations/1.5.5/plexus-component-annotations-1.5.5.jar
7f8ad002d000-7f8ad002f000 r--s 00002000 08:01 437681                     /home/dilara/.m2/repository/org/apache/maven/shared/maven-shared-incremental/1.1/maven-shared-incremental-1.1.jar
7f8ad002f000-7f8ad0031000 r--s 00006000 08:01 583912                     /home/dilara/.m2/repository/com/google/code/findbugs/jsr305/2.0.1/jsr305-2.0.1.jar
7f8ad0031000-7f8ad0034000 r--s 00023000 08:01 586967                     /home/dilara/.m2/repository/org/apache/maven/shared/maven-shared-utils/0.1/maven-shared-utils-0.1.jar
7f8ad0034000-7f8ad0038000 r--s 00030000 08:01 289938                     /home/dilara/.m2/repository/org/codehaus/plexus/plexus-utils/1.5.1/plexus-utils-1.5.1.jar
7f8ad0038000-7f8ad003a000 r--s 0000a000 08:01 289673                     /home/dilara/.m2/repository/org/apache/maven/plugins/maven-compiler-plugin/3.2/maven-compiler-plugin-3.2.jar
7f8ad003a000-7f8ad003c000 r--s 0000d000 08:01 289810                     /home/dilara/.m2/repository/org/codehaus/plexus/plexus-interpolation/1.13/plexus-interpolation-1.13.jar
7f8ad003c000-7f8ad003d000 r--s 00001000 08:01 289802                     /home/dilara/.m2/repository/org/sonatype/plexus/plexus-build-api/0.0.4/plexus-build-api-0.0.4.jar
7f8ad003d000-7f8ad003f000 r--s 00009000 08:01 586910                     /home/dilara/.m2/repository/org/apache/maven/shared/maven-filtering/1.1/maven-filtering-1.1.jar
7f8ad003f000-7f8ad0043000 r--s 00033000 08:01 586908                     /home/dilara/.m2/repository/org/codehaus/plexus/plexus-utils/2.0.5/plexus-utils-2.0.5.jar
7f8ad0043000-7f8ad0046000 r--s 0001b000 08:01 289807                     /home/dilara/.m2/repository/junit/junit/3.8.1/junit-3.8.1.jar
7f8ad0046000-7f8ad0048000 r--s 00002000 08:01 586902                     /home/dilara/.m2/repository/org/codehaus/plexus/plexus-interactivity-api/1.0-alpha-4/plexus-interactivity-api-1.0-alpha-4.jar
7f8ad0048000-7f8ad004a000 r--s 00006000 08:01 437373                     /home/dilara/.m2/repository/commons-cli/commons-cli/1.0/commons-cli-1.0.jar
7f8ad004a000-7f8ad004b000 r--s 00001000 08:01 289793                     /home/dilara/.m2/repository/org/apache/maven/doxia/doxia-sink-api/1.0-alpha-7/doxia-sink-api-1.0-alpha-7.jar
7f8ad004b000-7f8ad004c000 r--s 00002000 08:01 289792                     /home/dilara/.m2/repository/org/apache/maven/reporting/maven-reporting-api/2.0.6/maven-reporting-api-2.0.6.jar
7f8ad004c000-7f8ad004e000 r--s 00006000 08:01 289668                     /home/dilara/.m2/repository/org/apache/maven/plugins/maven-resources-plugin/2.6/maven-resources-plugin-2.6.jar
7f8ad004e000-7f8ad0058000 r--s 00116000 08:01 283561                     /usr/lib/jvm/java-8-oracle/jre/lib/ext/localedata.jar
7f8ad0058000-7f8ad005d000 r--s 0009d000 08:01 283413                     /usr/lib/jvm/java-8-oracle/jre/lib/jsse.jar
7f8ad005d000-7f8ad005f000 r--s 0000a000 08:01 285316                     /usr/share/java/commons-cli-1.3.1.jar
7f8ad005f000-7f8ad0060000 r--s 00004000 08:01 285278                     /usr/share/java/atinject-jsr330-tck-1.0.jar
7f8ad0060000-7f8ad006e000 r--s 00095000 08:01 285499                     /usr/share/java/guice.jar
7f8ad006e000-7f8ad006f000 r--s 00001000 08:01 285635                     /usr/share/java/wagon-http-shared-2.x.jar
7f8ad006f000-7f8ad00a0000 r--s 00207000 08:01 285632                     /usr/share/java/wagon-http-shaded-2.x.jar
7f8ad00a0000-7f8ad00a2000 r--s 0000d000 08:01 285656                     /usr/share/java/maven3-aether-provider-3.3.9.jar
7f8ad00a2000-7f8ad00a9000 r--s 0002c000 08:01 285626                     /usr/share/java/sisu-plexus.jar
7f8ad00a9000-7f8ad00ab000 r--s 0000a000 08:01 285648                     /usr/share/java/maven3-plugin-api-3.3.9.jar
7f8ad00ab000-7f8ad00b2000 r--s 0005d000 08:01 285332                     /usr/share/java/commons-lang3.jar
7f8ad00b2000-7f8ad00de000 r--s 00208000 08:01 285422                     /usr/share/java/guava.jar
7f8ad00de000-7f8ad00e1000 ---p 00000000 00:00 0 
7f8ad00e1000-7f8ad01df000 rw-p 00000000 00:00 0 
7f8ad01df000-7f8ad01e2000 ---p 00000000 00:00 0 
7f8ad01e2000-7f8ad02e0000 rw-p 00000000 00:00 0 
7f8ad02e0000-7f8ad0dfe000 r--p 00000000 08:01 9166                       /usr/lib/locale/locale-archive
7f8ad0dfe000-7f8ad0e01000 ---p 00000000 00:00 0 
7f8ad0e01000-7f8ad0eff000 rw-p 00000000 00:00 0 
7f8ad0eff000-7f8ad0f02000 ---p 00000000 00:00 0 
7f8ad0f02000-7f8ad1000000 rw-p 00000000 00:00 0 
7f8ad1000000-7f8ad1800000 rwxp 00000000 00:00 0 
7f8ad1810000-7f8ae0000000 ---p 00000000 00:00 0 
7f8ae0000000-7f8ae3c0f000 rw-p 00000000 00:00 0 
7f8ae3c0f000-7f8ae4000000 ---p 00000000 00:00 0 
7f8ae4000000-7f8ae4001000 r--s 0000a000 08:01 285647                     /usr/share/java/maven3-settings-3.3.9.jar
7f8ae4001000-7f8ae4005000 r--s 00020000 08:01 285483                     /usr/share/java/eclipse-aether-util.jar
7f8ae4005000-7f8ae4007000 r--s 00006000 08:01 285480                     /usr/share/java/eclipse-aether-spi.jar
7f8ae4007000-7f8ae4009000 r--s 00001000 08:01 285658                     /usr/share/java/maven3-builder-support-3.3.9.jar
7f8ae4009000-7f8ae400a000 r--s 00001000 08:01 285628                     /usr/share/java/wagon-file-2.x.jar
7f8ae400a000-7f8ae400c000 r--s 00007000 08:01 285400                     /usr/share/java/slf4j-api.jar
7f8ae400c000-7f8ae400d000 r--s 00002000 08:01 285397                     /usr/share/java/slf4j-simple.jar
7f8ae400d000-7f8ae4012000 r--s 00040000 08:01 285330                     /usr/share/java/commons-lang-2.6.jar
7f8ae4012000-7f8ae4017000 r--s 00025000 08:01 285653                     /usr/share/java/maven3-model-builder-3.3.9.jar
7f8ae4017000-7f8ae401e000 r--s 00041000 08:01 285649                     /usr/share/java/maven3-compat-3.3.9.jar
7f8ae401e000-7f8ae4020000 r--s 00013000 08:01 285654                     /usr/share/java/maven3-embedder-3.3.9.jar
7f8ae4020000-7f8ae4024000 r--s 00027000 08:01 285328                     /usr/share/java/commons-io-2.4.jar
7f8ae4024000-7f8ae402a000 r--s 00048000 08:01 285417                     /usr/share/java/jsoup.jar
7f8ae402a000-7f8ae402d000 r--s 0000a000 08:01 285659                     /usr/share/java/maven3-artifact-3.3.9.jar
7f8ae402d000-7f8ae402f000 r--s 0000a000 08:01 285629                     /usr/share/java/wagon-provider-api-2.x.jar
7f8ae402f000-7f8ae403c000 r--s 0008d000 08:01 285650                     /usr/share/java/maven3-core-3.3.9.jar
7f8ae403c000-7f8ae403e000 r--s 00027000 08:01 285655                     /usr/share/java/maven3-model-3.3.9.jar
7f8ae403e000-7f8ae4042000 r--s 00027000 08:01 285475                     /usr/share/java/eclipse-aether-impl.jar
7f8ae4042000-7f8ae4046000 r--s 00038000 08:01 285611                     /usr/share/java/plexus-utils2.jar
7f8ae4046000-7f8ae404b000 r--s 0001d000 08:01 285482                     /usr/share/java/eclipse-aether-api.jar
7f8ae404b000-7f8ae404c000 r--s 00008000 08:01 285478                     /usr/share/java/eclipse-aether-connector-basic.jar
7f8ae404c000-7f8ae404e000 r--s 00002000 08:01 285565                     /usr/share/java/plexus-cipher.jar
7f8ae404e000-7f8ae40e4000 r--s 0110a000 08:01 283555                     /usr/lib/jvm/java-8-oracle/jre/lib/ext/jfxrt.jar
7f8ae40e4000-7f8ae40e5000 ---p 00000000 00:00 0 
7f8ae40e5000-7f8ae4234000 rw-p 00000000 00:00 0 
7f8ae4234000-7f8ae440d000 r--s 03d64000 08:01 283371                     /usr/lib/jvm/java-8-oracle/jre/lib/rt.jar
7f8ae440d000-7f8ae4d06000 rw-p 00000000 00:00 0 
7f8ae4d06000-7f8ae4d26000 rw-p 00000000 00:00 0 
7f8ae4d26000-7f8ae50c6000 ---p 00000000 00:00 0 
7f8ae50c6000-7f8ae50e1000 r-xp 00000000 08:01 283468                     /usr/lib/jvm/java-8-oracle/jre/lib/amd64/libzip.so
7f8ae50e1000-7f8ae52e1000 ---p 0001b000 08:01 283468                     /usr/lib/jvm/java-8-oracle/jre/lib/amd64/libzip.so
7f8ae52e1000-7f8ae52e2000 rw-p 0001b000 08:01 283468                     /usr/lib/jvm/java-8-oracle/jre/lib/amd64/libzip.so
7f8ae52e2000-7f8ae52ed000 r-xp 00000000 08:01 526475                     /lib/x86_64-linux-gnu/libnss_files-2.23.so
7f8ae52ed000-7f8ae54ec000 ---p 0000b000 08:01 526475                     /lib/x86_64-linux-gnu/libnss_files-2.23.so
7f8ae54ec000-7f8ae54ed000 r--p 0000a000 08:01 526475                     /lib/x86_64-linux-gnu/libnss_files-2.23.so
7f8ae54ed000-7f8ae54ee000 rw-p 0000b000 08:01 526475                     /lib/x86_64-linux-gnu/libnss_files-2.23.so
7f8ae54ee000-7f8ae54f4000 rw-p 00000000 00:00 0 
7f8ae54f4000-7f8ae54ff000 r-xp 00000000 08:01 526485                     /lib/x86_64-linux-gnu/libnss_nis-2.23.so
7f8ae54ff000-7f8ae56fe000 ---p 0000b000 08:01 526485                     /lib/x86_64-linux-gnu/libnss_nis-2.23.so
7f8ae56fe000-7f8ae56ff000 r--p 0000a000 08:01 526485                     /lib/x86_64-linux-gnu/libnss_nis-2.23.so
7f8ae56ff000-7f8ae5700000 rw-p 0000b000 08:01 526485                     /lib/x86_64-linux-gnu/libnss_nis-2.23.so
7f8ae5700000-7f8ae5716000 r-xp 00000000 08:01 526469                     /lib/x86_64-linux-gnu/libnsl-2.23.so
7f8ae5716000-7f8ae5915000 ---p 00016000 08:01 526469                     /lib/x86_64-linux-gnu/libnsl-2.23.so
7f8ae5915000-7f8ae5916000 r--p 00015000 08:01 526469                     /lib/x86_64-linux-gnu/libnsl-2.23.so
7f8ae5916000-7f8ae5917000 rw-p 00016000 08:01 526469                     /lib/x86_64-linux-gnu/libnsl-2.23.so
7f8ae5917000-7f8ae5919000 rw-p 00000000 00:00 0 
7f8ae5919000-7f8ae5921000 r-xp 00000000 08:01 526471                     /lib/x86_64-linux-gnu/libnss_compat-2.23.so
7f8ae5921000-7f8ae5b20000 ---p 00008000 08:01 526471                     /lib/x86_64-linux-gnu/libnss_compat-2.23.so
7f8ae5b20000-7f8ae5b21000 r--p 00007000 08:01 526471                     /lib/x86_64-linux-gnu/libnss_compat-2.23.so
7f8ae5b21000-7f8ae5b22000 rw-p 00008000 08:01 526471                     /lib/x86_64-linux-gnu/libnss_compat-2.23.so
7f8ae5b22000-7f8ae5b4d000 r-xp 00000000 08:01 283462                     /usr/lib/jvm/java-8-oracle/jre/lib/amd64/libjava.so
7f8ae5b4d000-7f8ae5d4c000 ---p 0002b000 08:01 283462                     /usr/lib/jvm/java-8-oracle/jre/lib/amd64/libjava.so
7f8ae5d4c000-7f8ae5d4e000 rw-p 0002a000 08:01 283462                     /usr/lib/jvm/java-8-oracle/jre/lib/amd64/libjava.so
7f8ae5d4e000-7f8ae5d5b000 r-xp 00000000 08:01 283467                     /usr/lib/jvm/java-8-oracle/jre/lib/amd64/libverify.so
7f8ae5d5b000-7f8ae5f5b000 ---p 0000d000 08:01 283467                     /usr/lib/jvm/java-8-oracle/jre/lib/amd64/libverify.so
7f8ae5f5b000-7f8ae5f5d000 rw-p 0000d000 08:01 283467                     /usr/lib/jvm/java-8-oracle/jre/lib/amd64/libverify.so
7f8ae5f5d000-7f8ae5f64000 r-xp 00000000 08:01 526530                     /lib/x86_64-linux-gnu/librt-2.23.so
7f8ae5f64000-7f8ae6163000 ---p 00007000 08:01 526530                     /lib/x86_64-linux-gnu/librt-2.23.so
7f8ae6163000-7f8ae6164000 r--p 00006000 08:01 526530                     /lib/x86_64-linux-gnu/librt-2.23.so
7f8ae6164000-7f8ae6165000 rw-p 00007000 08:01 526530                     /lib/x86_64-linux-gnu/librt-2.23.so
7f8ae6165000-7f8ae626d000 r-xp 00000000 08:01 526446                     /lib/x86_64-linux-gnu/libm-2.23.so
7f8ae626d000-7f8ae646c000 ---p 00108000 08:01 526446                     /lib/x86_64-linux-gnu/libm-2.23.so
7f8ae646c000-7f8ae646d000 r--p 00107000 08:01 526446                     /lib/x86_64-linux-gnu/libm-2.23.so
7f8ae646d000-7f8ae646e000 rw-p 00108000 08:01 526446                     /lib/x86_64-linux-gnu/libm-2.23.so
7f8ae646e000-7f8ae7147000 r-xp 00000000 08:01 283445                     /usr/lib/jvm/java-8-oracle/jre/lib/amd64/server/libjvm.so
7f8ae7147000-7f8ae7346000 ---p 00cd9000 08:01 283445                     /usr/lib/jvm/java-8-oracle/jre/lib/amd64/server/libjvm.so
7f8ae7346000-7f8ae741f000 rw-p 00cd8000 08:01 283445                     /usr/lib/jvm/java-8-oracle/jre/lib/amd64/server/libjvm.so
7f8ae741f000-7f8ae746b000 rw-p 00000000 00:00 0 
7f8ae746b000-7f8ae762b000 r-xp 00000000 08:01 526376                     /lib/x86_64-linux-gnu/libc-2.23.so
7f8ae762b000-7f8ae782b000 ---p 001c0000 08:01 526376                     /lib/x86_64-linux-gnu/libc-2.23.so
7f8ae782b000-7f8ae782f000 r--p 001c0000 08:01 526376                     /lib/x86_64-linux-gnu/libc-2.23.so
7f8ae782f000-7f8ae7831000 rw-p 001c4000 08:01 526376                     /lib/x86_64-linux-gnu/libc-2.23.so
7f8ae7831000-7f8ae7835000 rw-p 00000000 00:00 0 
7f8ae7835000-7f8ae7838000 r-xp 00000000 08:01 526400                     /lib/x86_64-linux-gnu/libdl-2.23.so
7f8ae7838000-7f8ae7a37000 ---p 00003000 08:01 526400                     /lib/x86_64-linux-gnu/libdl-2.23.so
7f8ae7a37000-7f8ae7a38000 r--p 00002000 08:01 526400                     /lib/x86_64-linux-gnu/libdl-2.23.so
7f8ae7a38000-7f8ae7a39000 rw-p 00003000 08:01 526400                     /lib/x86_64-linux-gnu/libdl-2.23.so
7f8ae7a39000-7f8ae7a4f000 r-xp 00000000 08:01 283239                     /usr/lib/jvm/java-8-oracle/lib/amd64/jli/libjli.so
7f8ae7a4f000-7f8ae7c4e000 ---p 00016000 08:01 283239                     /usr/lib/jvm/java-8-oracle/lib/amd64/jli/libjli.so
7f8ae7c4e000-7f8ae7c4f000 rw-p 00015000 08:01 283239                     /usr/lib/jvm/java-8-oracle/lib/amd64/jli/libjli.so
7f8ae7c4f000-7f8ae7c67000 r-xp 00000000 08:01 526522                     /lib/x86_64-linux-gnu/libpthread-2.23.so
7f8ae7c67000-7f8ae7e66000 ---p 00018000 08:01 526522                     /lib/x86_64-linux-gnu/libpthread-2.23.so
7f8ae7e66000-7f8ae7e67000 r--p 00017000 08:01 526522                     /lib/x86_64-linux-gnu/libpthread-2.23.so
7f8ae7e67000-7f8ae7e68000 rw-p 00018000 08:01 526522                     /lib/x86_64-linux-gnu/libpthread-2.23.so
7f8ae7e68000-7f8ae7e6c000 rw-p 00000000 00:00 0 
7f8ae7e6c000-7f8ae7e92000 r-xp 00000000 08:01 526348                     /lib/x86_64-linux-gnu/ld-2.23.so
7f8ae7e92000-7f8ae7e94000 r--s 0000e000 08:01 285379                     /usr/share/java/plexus-interpolation.jar
7f8ae7e94000-7f8ae7e97000 r--s 00007000 08:01 285657                     /usr/share/java/maven3-settings-builder-3.3.9.jar
7f8ae7e97000-7f8ae7e99000 r--s 00000000 08:01 285615                     /usr/share/java/plexus-component-annotations-1.5.jar
7f8ae7e99000-7f8ae7e9a000 r--s 00006000 08:01 285652                     /usr/share/java/maven3-repository-metadata-3.3.9.jar
7f8ae7e9a000-7f8ae7e9c000 r--s 00001000 08:01 285494                     /usr/share/java/aopalliance-1.0.jar
7f8ae7e9c000-7f8ae7ea4000 r--s 00054000 08:01 285624                     /usr/share/java/sisu-inject.jar
7f8ae7ea4000-7f8ae7eab000 rw-p 00000000 00:00 0 
7f8ae7eab000-7f8ae7ef7000 ---p 00000000 00:00 0 
7f8ae7ef7000-7f8ae7efb000 rw-p 00000000 00:00 0 
7f8ae7efb000-7f8ae7f20000 ---p 00000000 00:00 0 
7f8ae7f20000-7f8ae7f28000 rw-p 00000000 00:00 0 
7f8ae7f28000-7f8ae7f73000 ---p 00000000 00:00 0 
7f8ae7f73000-7f8ae7f74000 rw-p 00000000 00:00 0 
7f8ae7f74000-7f8ae7f77000 ---p 00000000 00:00 0 
7f8ae7f77000-7f8ae8079000 rw-p 00000000 00:00 0 
7f8ae8079000-7f8ae807b000 r--s 00005000 08:01 285481                     /usr/share/java/eclipse-aether-transport-wagon.jar
7f8ae807b000-7f8ae807c000 r--s 00006000 08:01 285567                     /usr/share/java/plexus-sec-dispatcher.jar
7f8ae807c000-7f8ae807d000 r--s 00000000 08:01 285293                     /usr/share/java/geronimo-interceptor-3.0-spec-1.0.1.jar
7f8ae807d000-7f8ae807f000 r--s 00012000 08:01 285295                     /usr/share/java/el-api-3.0.jar
7f8ae807f000-7f8ae8080000 r--s 00000000 08:01 285279                     /usr/share/java/atinject-jsr330-api-1.0.jar
7f8ae8080000-7f8ae8083000 r--s 00008000 08:01 285308                     /usr/share/java/cdi-api-1.0.jar
7f8ae8083000-7f8ae8085000 r--s 0000a000 08:01 285609                     /usr/share/java/plexus-classworlds2-2.5.2.jar
7f8ae8085000-7f8ae808d000 rw-s 00000000 08:01 437702                     /tmp/hsperfdata_dilara/6719
7f8ae808d000-7f8ae808e000 rw-p 00000000 00:00 0 
7f8ae808e000-7f8ae808f000 r--p 00000000 00:00 0 
7f8ae808f000-7f8ae8091000 rw-p 00000000 00:00 0 
7f8ae8091000-7f8ae8092000 r--p 00025000 08:01 526348                     /lib/x86_64-linux-gnu/ld-2.23.so
7f8ae8092000-7f8ae8093000 rw-p 00026000 08:01 526348                     /lib/x86_64-linux-gnu/ld-2.23.so
7f8ae8093000-7f8ae8094000 rw-p 00000000 00:00 0 
7ffca8105000-7ffca8126000 rw-p 00000000 00:00 0                          [stack]
7ffca8175000-7ffca8177000 r--p 00000000 00:00 0                          [vvar]
7ffca8177000-7ffca8179000 r-xp 00000000 00:00 0                          [vdso]
ffffffffff600000-ffffffffff601000 r-xp 00000000 00:00 0                  [vsyscall]

VM Arguments:
jvm_args: -Dclassworlds.conf=/usr/share/maven/bin/m2.conf -Dmaven.home=/usr/share/maven -Dmaven.multiModuleProjectDirectory=/home/dilara/myDemoApp 
java_command: org.codehaus.plexus.classworlds.launcher.Launcher compile
java_class_path (initial): /usr/share/maven/boot/plexus-classworlds-2.x.jar
Launcher Type: SUN_STANDARD

Environment Variables:
JAVA_HOME=/usr/lib/jvm/java-8-oracle
PATH=/home/dilara/bin:/home/dilara/.local/bin:/usr/local/sbin:/usr/local/bin:/usr/sbin:/usr/bin:/sbin:/bin:/usr/games:/usr/local/games:/snap/bin:/usr/lib/jvm/java-8-oracle/bin:/usr/lib/jvm/java-8-oracle/db/bin:/usr/lib/jvm/java-8-oracle/jre/bin
SHELL=/bin/bash
DISPLAY=:0

Signal Handlers:
SIGSEGV: [libjvm.so+0xad01e0], sa_mask[0]=11111111011111111101111111111110, sa_flags=SA_RESTART|SA_SIGINFO
SIGBUS: [libjvm.so+0xad01e0], sa_mask[0]=11111111011111111101111111111110, sa_flags=SA_RESTART|SA_SIGINFO
SIGFPE: [libjvm.so+0x927fb0], sa_mask[0]=11111111011111111101111111111110, sa_flags=SA_RESTART|SA_SIGINFO
SIGPIPE: [libjvm.so+0x927fb0], sa_mask[0]=11111111011111111101111111111110, sa_flags=SA_RESTART|SA_SIGINFO
SIGXFSZ: [libjvm.so+0x927fb0], sa_mask[0]=11111111011111111101111111111110, sa_flags=SA_RESTART|SA_SIGINFO
SIGILL: [libjvm.so+0x927fb0], sa_mask[0]=11111111011111111101111111111110, sa_flags=SA_RESTART|SA_SIGINFO
SIGUSR1: SIG_DFL, sa_mask[0]=00000000000000000000000000000000, sa_flags=none
SIGUSR2: [libjvm.so+0x9297f0], sa_mask[0]=00000000000000000000000000000000, sa_flags=SA_RESTART|SA_SIGINFO
SIGHUP: [libjvm.so+0x92abf0], sa_mask[0]=11111111011111111101111111111110, sa_flags=SA_RESTART|SA_SIGINFO
SIGINT: [libjvm.so+0x92abf0], sa_mask[0]=11111111011111111101111111111110, sa_flags=SA_RESTART|SA_SIGINFO
SIGTERM: [libjvm.so+0x92abf0], sa_mask[0]=11111111011111111101111111111110, sa_flags=SA_RESTART|SA_SIGINFO
SIGQUIT: [libjvm.so+0x92abf0], sa_mask[0]=11111111011111111101111111111110, sa_flags=SA_RESTART|SA_SIGINFO


---------------  S Y S T E M  ---------------

OS:DISTRIB_ID=Ubuntu
DISTRIB_RELEASE=16.04
DISTRIB_CODENAME=xenial
DISTRIB_DESCRIPTION="Ubuntu 16.04.3 LTS"

uname:Linux 4.10.0-28-generic #32~16.04.2-Ubuntu SMP Thu Jul 20 10:19:48 UTC 2017 x86_64
libc:glibc 2.23 NPTL 2.23 
rlimit: STACK 8192k, CORE 0k, NPROC 3785, NOFILE 1048576, AS infinity
load average:1,96 1,27 1,11

/proc/meminfo:
MemTotal:        1013768 kB
MemFree:           48776 kB
MemAvailable:          0 kB
Buffers:             100 kB
Cached:            15572 kB
SwapCached:         4992 kB
Active:           431296 kB
Inactive:         432044 kB
Active(anon):     427504 kB
Inactive(anon):   428104 kB
Active(file):       3792 kB
Inactive(file):     3940 kB
Unevictable:           0 kB
Mlocked:               0 kB
SwapTotal:       1046524 kB
SwapFree:              0 kB
Dirty:                16 kB
Writeback:            20 kB
AnonPages:        842804 kB
Mapped:            13140 kB
Shmem:              7876 kB
Slab:              40592 kB
SReclaimable:      17168 kB
SUnreclaim:        23424 kB
KernelStack:        7352 kB
PageTables:        32284 kB
NFS_Unstable:          0 kB
Bounce:                0 kB
WritebackTmp:          0 kB
CommitLimit:     1553408 kB
Committed_AS:    4901920 kB
VmallocTotal:   34359738367 kB
VmallocUsed:           0 kB
VmallocChunk:          0 kB
HardwareCorrupted:     0 kB
AnonHugePages:    108544 kB
ShmemHugePages:        0 kB
ShmemPmdMapped:        0 kB
CmaTotal:              0 kB
CmaFree:               0 kB
HugePages_Total:       0
HugePages_Free:        0
HugePages_Rsvd:        0
HugePages_Surp:        0
Hugepagesize:       2048 kB
DirectMap4k:       85952 kB
DirectMap2M:      962560 kB


CPU:total 1 (initial active 1) (1 cores per cpu, 1 threads per core) family 6 model 94 stepping 3, cmov, cx8, fxsr, mmx, sse, sse2, sse3, ssse3, sse4.1, sse4.2, popcnt, avx, avx2, aes, clmul, 3dnowpref, lzcnt, tsc, tscinvbit

/proc/cpuinfo:
processor	: 0
vendor_id	: GenuineIntel
cpu family	: 6
model		: 94
model name	: Intel(R) Core(TM) i7-6700K CPU @ 4.00GHz
stepping	: 3
cpu MHz		: 4007.992
cache size	: 8192 KB
physical id	: 0
siblings	: 1
core id		: 0
cpu cores	: 1
apicid		: 0
initial apicid	: 0
fpu		: yes
fpu_exception	: yes
cpuid level	: 22
wp		: yes
flags		: fpu vme de pse tsc msr pae mce cx8 apic sep mtrr pge mca cmov pat pse36 clflush mmx fxsr sse sse2 syscall nx rdtscp lm constant_tsc rep_good nopl xtopology nonstop_tsc pni pclmulqdq monitor ssse3 cx16 sse4_1 sse4_2 x2apic movbe popcnt aes xsave avx rdrand hypervisor lahf_lm abm 3dnowprefetch avx2 rdseed clflushopt
bugs		:
bogomips	: 8015.98
clflush size	: 64
cache_alignment	: 64
address sizes	: 39 bits physical, 48 bits virtual
power management:



Memory: 4k page, physical 1013768k(48884k free), swap 1046524k(0k free)

vm_info: Java HotSpot(TM) 64-Bit Server VM (25.161-b12) for linux-amd64 JRE (1.8.0_161-b12), built on Dec 19 2017 16:12:43 by "java_re" with gcc 4.3.0 20080428 (Red Hat 4.3.0-8)

time: Wed Feb 14 20:49:57 2018
elapsed time: 8 seconds (0d 0h 0m 8s)

