#
# There is insufficient memory for the Java Runtime Environment to continue.
# Native memory allocation (mmap) failed to map 65536 bytes for committing reserved memory.
# Possible reasons:
#   The system is out of physical RAM or swap space
#   In 32 bit mode, the process size limit was hit
# Possible solutions:
#   Reduce memory load on the system
#   Increase physical memory or swap space
#   Check if swap backing store is full
#   Use 64 bit Java on a 64 bit OS
#   Decrease Java heap size (-Xmx/-Xms)
#   Decrease number of Java threads
#   Decrease Java thread stack sizes (-Xss)
#   Set larger code cache with -XX:ReservedCodeCacheSize=
# This output file may be truncated or incomplete.
#
#  Out of Memory Error (os_linux.cpp:2640), pid=6947, tid=0x00007fc2ef2df700
#
# JRE version: Java(TM) SE Runtime Environment (8.0_161-b12) (build 1.8.0_161-b12)
# Java VM: Java HotSpot(TM) 64-Bit Server VM (25.161-b12 mixed mode linux-amd64 compressed oops)
# Failed to write core dump. Core dumps have been disabled. To enable core dumping, try "ulimit -c unlimited" before starting Java again
#

---------------  T H R E A D  ---------------

Current thread (0x00007fc3040b0000):  JavaThread "C2 CompilerThread0" daemon [_thread_in_vm, id=6970, stack(0x00007fc2ef1df000,0x00007fc2ef2e0000)]

Stack: [0x00007fc2ef1df000,0x00007fc2ef2e0000],  sp=0x00007fc2ef2db110,  free space=1008k
Native frames: (J=compiled Java code, j=interpreted, Vv=VM code, C=native code)
V  [libjvm.so+0xacf94a]  VMError::report_and_die()+0x2ba
V  [libjvm.so+0x50050b]  report_vm_out_of_memory(char const*, int, unsigned long, VMErrorType, char const*)+0x8b
V  [libjvm.so+0x92b133]  os::Linux::commit_memory_impl(char*, unsigned long, bool)+0x103
V  [libjvm.so+0x92b5c9]  os::pd_commit_memory(char*, unsigned long, unsigned long, bool)+0x29
V  [libjvm.so+0x924c0a]  os::commit_memory(char*, unsigned long, unsigned long, bool)+0x2a
V  [libjvm.so+0xacb629]  VirtualSpace::expand_by(unsigned long, bool)+0x199
V  [libjvm.so+0x61f7ac]  CodeHeap::expand_by(unsigned long)+0x8c
V  [libjvm.so+0x4842d0]  CodeCache::allocate(int, bool)+0x60
V  [libjvm.so+0x47ef75]  BufferBlob::create(char const*, int)+0x95
V  [libjvm.so+0x4a58fc]  Compile::init_scratch_buffer_blob(int)+0xac
V  [libjvm.so+0x93d7b6]  Compile::init_buffer(unsigned int*)+0x146
V  [libjvm.so+0x943691]  Compile::Output()+0x381
V  [libjvm.so+0x4a6eeb]  Compile::Code_Gen()+0x31b
V  [libjvm.so+0x4a96b1]  Compile::Compile(ciEnv*, C2Compiler*, ciMethod*, int, bool, bool, bool)+0x14b1
V  [libjvm.so+0x3f57d5]  C2Compiler::compile_method(ciEnv*, ciMethod*, int)+0x1f5
V  [libjvm.so+0x4b3c2a]  CompileBroker::invoke_compiler_on_method(CompileTask*)+0xcba
V  [libjvm.so+0x4b4bd6]  CompileBroker::compiler_thread_loop()+0x5d6
V  [libjvm.so+0xa7eaa3]  JavaThread::thread_main_inner()+0x103
V  [libjvm.so+0xa7ebec]  JavaThread::run()+0x11c
V  [libjvm.so+0x92da28]  java_start(Thread*)+0x108
C  [libpthread.so.0+0x76ba]  start_thread+0xca


Current CompileTask:
C2:  14735 2859 %     4       com.sun.tools.javac.file.ZipFileIndex$ZipDirectory::readEntry @ 102 (587 bytes)


---------------  P R O C E S S  ---------------

Java Threads: ( => current thread )
  0x00007fc3040d7800 JavaThread "Service Thread" daemon [_thread_blocked, id=6972, stack(0x00007fc2eefdd000,0x00007fc2ef0de000)]
  0x00007fc3040b2000 JavaThread "C1 CompilerThread1" daemon [_thread_blocked, id=6971, stack(0x00007fc2ef0de000,0x00007fc2ef1df000)]
=>0x00007fc3040b0000 JavaThread "C2 CompilerThread0" daemon [_thread_in_vm, id=6970, stack(0x00007fc2ef1df000,0x00007fc2ef2e0000)]
  0x00007fc3040ae800 JavaThread "Signal Dispatcher" daemon [_thread_blocked, id=6969, stack(0x00007fc2ef2e0000,0x00007fc2ef3e1000)]
  0x00007fc30407b800 JavaThread "Finalizer" daemon [_thread_blocked, id=6968, stack(0x00007fc2efeff000,0x00007fc2f0000000)]
  0x00007fc304076800 JavaThread "Reference Handler" daemon [_thread_blocked, id=6967, stack(0x00007fc2f4065000,0x00007fc2f4166000)]
  0x00007fc30400a800 JavaThread "main" [_thread_in_vm, id=6965, stack(0x00007fc30b0b6000,0x00007fc30b1b7000)]

Other Threads:
  0x00007fc30406f000 VMThread [stack: 0x00007fc2f4166000,0x00007fc2f4267000] [id=6966]
  0x00007fc3040dd000 WatcherThread [stack: 0x00007fc2eeedc000,0x00007fc2eefdd000] [id=6973]

VM state:not at safepoint (normal execution)

VM Mutex/Monitor currently owned by a thread:  ([mutex/lock_event])
[0x00007fc304006080] CodeCache_lock - owner thread: 0x00007fc3040b0000

Heap:
 def new generation   total 5760K, used 3493K [0x00000000f0800000, 0x00000000f0e40000, 0x00000000f5aa0000)
  eden space 5120K,  55% used [0x00000000f0800000, 0x00000000f0ac96c0, 0x00000000f0d00000)
  from space 640K, 100% used [0x00000000f0da0000, 0x00000000f0e40000, 0x00000000f0e40000)
  to   space 640K,   0% used [0x00000000f0d00000, 0x00000000f0d00000, 0x00000000f0da0000)
 tenured generation   total 12788K, used 12111K [0x00000000f5aa0000, 0x00000000f671d000, 0x0000000100000000)
   the space 12788K,  94% used [0x00000000f5aa0000, 0x00000000f6673c50, 0x00000000f6673e00, 0x00000000f671d000)
 Metaspace       used 21738K, capacity 22208K, committed 22528K, reserved 1069056K
  class space    used 2639K, capacity 2778K, committed 2816K, reserved 1048576K

Card table byte_map: [0x00007fc30b039000,0x00007fc30b0b6000] byte_map_base: 0x00007fc30a8b5000

Polling page: 0x00007fc30b1d0000

CodeCache: size=245760Kb used=8233Kb max_used=8233Kb free=237526Kb
 bounds [0x00007fc2f5000000, 0x00007fc2f5810000, 0x00007fc304000000]
 total_blobs=3212 nmethods=2839 adapters=285
 compilation: enabled

Compilation events (10 events):
Event: 8,740 Thread 0x00007fc3040b2000 2887       2       java.util.ComparableTimSort::ensureCapacity (91 bytes)
Event: 8,740 Thread 0x00007fc3040b2000 nmethod 2887 0x00007fc2f57fcdd0 code [0x00007fc2f57fcf40, 0x00007fc2f57fd190]
Event: 8,742 Thread 0x00007fc3040b2000 2889 %     3       java.util.ComparableTimSort::mergeLo @ 147 (656 bytes)
Event: 8,743 Thread 0x00007fc3040b2000 nmethod 2889% 0x00007fc2f580b5d0 code [0x00007fc2f580b920, 0x00007fc2f580dd48]
Event: 8,797 Thread 0x00007fc3040b2000 2890       2       com.sun.tools.javac.file.RelativePath$RelativeDirectory::dirname (46 bytes)
Event: 9,407 Thread 0x00007fc3040b2000 nmethod 2890 0x00007fc2f580ebd0 code [0x00007fc2f580ed60, 0x00007fc2f580efa0]
Event: 10,002 Thread 0x00007fc3040b2000 2891       1       com.sun.tools.javac.util.List::nil (4 bytes)
Event: 12,482 Thread 0x00007fc3040b2000 nmethod 2891 0x00007fc2f580f150 code [0x00007fc2f580f2a0, 0x00007fc2f580f390]
Event: 13,029 Thread 0x00007fc3040b2000 2892       2       com.sun.tools.javac.file.ZipFileIndex$DirectoryEntry::<init> (67 bytes)
Event: 13,218 Thread 0x00007fc3040b2000 nmethod 2892 0x00007fc2f580f410 code [0x00007fc2f580f580, 0x00007fc2f580f7f0]

GC Heap History (10 events):
Event: 4,411 GC heap before
{Heap before GC invocations=36 (full 1):
 def new generation   total 5760K, used 5640K [0x00000000f0800000, 0x00000000f0e40000, 0x00000000f5aa0000)
  eden space 5120K, 100% used [0x00000000f0800000, 0x00000000f0d00000, 0x00000000f0d00000)
  from space 640K,  81% used [0x00000000f0d00000, 0x00000000f0d82310, 0x00000000f0da0000)
  to   space 640K,   0% used [0x00000000f0da0000, 0x00000000f0da0000, 0x00000000f0e40000)
 tenured generation   total 12788K, used 7671K [0x00000000f5aa0000, 0x00000000f671d000, 0x0000000100000000)
   the space 12788K,  59% used [0x00000000f5aa0000, 0x00000000f621dd08, 0x00000000f621de00, 0x00000000f671d000)
 Metaspace       used 17598K, capacity 17996K, committed 18176K, reserved 1064960K
  class space    used 2092K, capacity 2226K, committed 2304K, reserved 1048576K
Event: 4,415 GC heap after
Heap after GC invocations=37 (full 1):
 def new generation   total 5760K, used 640K [0x00000000f0800000, 0x00000000f0e40000, 0x00000000f5aa0000)
  eden space 5120K,   0% used [0x00000000f0800000, 0x00000000f0800000, 0x00000000f0d00000)
  from space 640K, 100% used [0x00000000f0da0000, 0x00000000f0e40000, 0x00000000f0e40000)
  to   space 640K,   0% used [0x00000000f0d00000, 0x00000000f0d00000, 0x00000000f0da0000)
 tenured generation   total 12788K, used 7998K [0x00000000f5aa0000, 0x00000000f671d000, 0x0000000100000000)
   the space 12788K,  62% used [0x00000000f5aa0000, 0x00000000f626f948, 0x00000000f626fa00, 0x00000000f671d000)
 Metaspace       used 17598K, capacity 17996K, committed 18176K, reserved 1064960K
  class space    used 2092K, capacity 2226K, committed 2304K, reserved 1048576K
}
Event: 4,556 GC heap before
{Heap before GC invocations=37 (full 1):
 def new generation   total 5760K, used 5760K [0x00000000f0800000, 0x00000000f0e40000, 0x00000000f5aa0000)
  eden space 5120K, 100% used [0x00000000f0800000, 0x00000000f0d00000, 0x00000000f0d00000)
  from space 640K, 100% used [0x00000000f0da0000, 0x00000000f0e40000, 0x00000000f0e40000)
  to   space 640K,   0% used [0x00000000f0d00000, 0x00000000f0d00000, 0x00000000f0da0000)
 tenured generation   total 12788K, used 7998K [0x00000000f5aa0000, 0x00000000f671d000, 0x0000000100000000)
   the space 12788K,  62% used [0x00000000f5aa0000, 0x00000000f626f948, 0x00000000f626fa00, 0x00000000f671d000)
 Metaspace       used 18976K, capacity 19424K, committed 19584K, reserved 1067008K
  class space    used 2280K, capacity 2426K, committed 2432K, reserved 1048576K
Event: 4,559 GC heap after
Heap after GC invocations=38 (full 1):
 def new generation   total 5760K, used 639K [0x00000000f0800000, 0x00000000f0e40000, 0x00000000f5aa0000)
  eden space 5120K,   0% used [0x00000000f0800000, 0x00000000f0800000, 0x00000000f0d00000)
  from space 640K,  99% used [0x00000000f0d00000, 0x00000000f0d9fff0, 0x00000000f0da0000)
  to   space 640K,   0% used [0x00000000f0da0000, 0x00000000f0da0000, 0x00000000f0e40000)
 tenured generation   total 12788K, used 8538K [0x00000000f5aa0000, 0x00000000f671d000, 0x0000000100000000)
   the space 12788K,  66% used [0x00000000f5aa0000, 0x00000000f62f6a70, 0x00000000f62f6c00, 0x00000000f671d000)
 Metaspace       used 18976K, capacity 19424K, committed 19584K, reserved 1067008K
  class space    used 2280K, capacity 2426K, committed 2432K, reserved 1048576K
}
Event: 6,587 GC heap before
{Heap before GC invocations=38 (full 1):
 def new generation   total 5760K, used 5759K [0x00000000f0800000, 0x00000000f0e40000, 0x00000000f5aa0000)
  eden space 5120K, 100% used [0x00000000f0800000, 0x00000000f0d00000, 0x00000000f0d00000)
  from space 640K,  99% used [0x00000000f0d00000, 0x00000000f0d9fff0, 0x00000000f0da0000)
  to   space 640K,   0% used [0x00000000f0da0000, 0x00000000f0da0000, 0x00000000f0e40000)
 tenured generation   total 12788K, used 8538K [0x00000000f5aa0000, 0x00000000f671d000, 0x0000000100000000)
   the space 12788K,  66% used [0x00000000f5aa0000, 0x00000000f62f6a70, 0x00000000f62f6c00, 0x00000000f671d000)
 Metaspace       used 20463K, capacity 20896K, committed 21120K, reserved 1067008K
  class space    used 2499K, capacity 2618K, committed 2688K, reserved 1048576K
Event: 6,599 GC heap after
Heap after GC invocations=39 (full 1):
 def new generation   total 5760K, used 285K [0x00000000f0800000, 0x00000000f0e40000, 0x00000000f5aa0000)
  eden space 5120K,   0% used [0x00000000f0800000, 0x00000000f0800000, 0x00000000f0d00000)
  from space 640K,  44% used [0x00000000f0da0000, 0x00000000f0de7550, 0x00000000f0e40000)
  to   space 640K,   0% used [0x00000000f0d00000, 0x00000000f0d00000, 0x00000000f0da0000)
 tenured generation   total 12788K, used 9084K [0x00000000f5aa0000, 0x00000000f671d000, 0x0000000100000000)
   the space 12788K,  71% used [0x00000000f5aa0000, 0x00000000f637f260, 0x00000000f637f400, 0x00000000f671d000)
 Metaspace       used 20463K, capacity 20896K, committed 21120K, reserved 1067008K
  class space    used 2499K, capacity 2618K, committed 2688K, reserved 1048576K
}
Event: 7,852 GC heap before
{Heap before GC invocations=39 (full 1):
 def new generation   total 5760K, used 4537K [0x00000000f0800000, 0x00000000f0e40000, 0x00000000f5aa0000)
  eden space 5120K,  83% used [0x00000000f0800000, 0x00000000f0c271f8, 0x00000000f0d00000)
  from space 640K,  44% used [0x00000000f0da0000, 0x00000000f0de7550, 0x00000000f0e40000)
  to   space 640K,   0% used [0x00000000f0d00000, 0x00000000f0d00000, 0x00000000f0da0000)
 tenured generation   total 12788K, used 9084K [0x00000000f5aa0000, 0x00000000f671d000, 0x0000000100000000)
   the space 12788K,  71% used [0x00000000f5aa0000, 0x00000000f637f260, 0x00000000f637f400, 0x00000000f671d000)
 Metaspace       used 21702K, capacity 22208K, committed 22528K, reserved 1069056K
  class space    used 2635K, capacity 2778K, committed 2816K, reserved 1048576K
Event: 7,860 GC heap after
Heap after GC invocations=40 (full 1):
 def new generation   total 5760K, used 640K [0x00000000f0800000, 0x00000000f0e40000, 0x00000000f5aa0000)
  eden space 5120K,   0% used [0x00000000f0800000, 0x00000000f0800000, 0x00000000f0d00000)
  from space 640K, 100% used [0x00000000f0d00000, 0x00000000f0da0000, 0x00000000f0da0000)
  to   space 640K,   0% used [0x00000000f0da0000, 0x00000000f0da0000, 0x00000000f0e40000)
 tenured generation   total 12788K, used 9526K [0x00000000f5aa0000, 0x00000000f671d000, 0x0000000100000000)
   the space 12788K,  74% used [0x00000000f5aa0000, 0x00000000f63ed9d0, 0x00000000f63eda00, 0x00000000f671d000)
 Metaspace       used 21702K, capacity 22208K, committed 22528K, reserved 1069056K
  class space    used 2635K, capacity 2778K, committed 2816K, reserved 1048576K
}
Event: 8,837 GC heap before
{Heap before GC invocations=40 (full 1):
 def new generation   total 5760K, used 5567K [0x00000000f0800000, 0x00000000f0e40000, 0x00000000f5aa0000)
  eden space 5120K,  96% used [0x00000000f0800000, 0x00000000f0ccff90, 0x00000000f0d00000)
  from space 640K, 100% used [0x00000000f0d00000, 0x00000000f0da0000, 0x00000000f0da0000)
  to   space 640K,   0% used [0x00000000f0da0000, 0x00000000f0da0000, 0x00000000f0e40000)
 tenured generation   total 12788K, used 9526K [0x00000000f5aa0000, 0x00000000f671d000, 0x0000000100000000)
   the space 12788K,  74% used [0x00000000f5aa0000, 0x00000000f63ed9d0, 0x00000000f63eda00, 0x00000000f671d000)
 Metaspace       used 21719K, capacity 22208K, committed 22528K, reserved 1069056K
  class space    used 2636K, capacity 2778K, committed 2816K, reserved 1048576K
Event: 8,870 GC heap after
Heap after GC invocations=41 (full 1):
 def new generation   total 5760K, used 640K [0x00000000f0800000, 0x00000000f0e40000, 0x00000000f5aa0000)
  eden space 5120K,   0% used [0x00000000f0800000, 0x00000000f0800000, 0x00000000f0d00000)
  from space 640K, 100% used [0x00000000f0da0000, 0x00000000f0e40000, 0x00000000f0e40000)
  to   space 640K,   0% used [0x00000000f0d00000, 0x00000000f0d00000, 0x00000000f0da0000)
 tenured generation   total 12788K, used 12111K [0x00000000f5aa0000, 0x00000000f671d000, 0x0000000100000000)
   the space 12788K,  94% used [0x00000000f5aa0000, 0x00000000f6673c50, 0x00000000f6673e00, 0x00000000f671d000)
 Metaspace       used 21719K, capacity 22208K, committed 22528K, reserved 1069056K
  class space    used 2636K, capacity 2778K, committed 2816K, reserved 1048576K
}

Deoptimization events (10 events):
Event: 2,248 Thread 0x00007fc30400a800 Uncommon trap: reason=unstable_if action=reinterpret pc=0x00007fc2f521cc1c method=sun.nio.cs.UTF_8$Decoder.decode([BII[C)I @ 30
Event: 2,252 Thread 0x00007fc30400a800 Uncommon trap: reason=unstable_if action=reinterpret pc=0x00007fc2f52bde98 method=sun.nio.cs.UTF_8$Decoder.decodeArrayLoop(Ljava/nio/ByteBuffer;Ljava/nio/CharBuffer;)Ljava/nio/charset/CoderResult; @ 84
Event: 2,308 Thread 0x00007fc30400a800 Uncommon trap: reason=unstable_if action=reinterpret pc=0x00007fc2f530b5cc method=java.util.HashMap.hash(Ljava/lang/Object;)I @ 1
Event: 2,308 Thread 0x00007fc30400a800 Uncommon trap: reason=unstable_if action=reinterpret pc=0x00007fc2f53204e8 method=java.util.HashMap.hash(Ljava/lang/Object;)I @ 1
Event: 2,609 Thread 0x00007fc30400a800 Uncommon trap: reason=unstable_if action=reinterpret pc=0x00007fc2f55f0e70 method=org.codehaus.plexus.util.xml.pull.MXParser.nextImpl()I @ 972
Event: 2,673 Thread 0x00007fc30400a800 Uncommon trap: reason=class_check action=maybe_recompile pc=0x00007fc2f5380f04 method=java.lang.reflect.Executable.getAnnotation(Ljava/lang/Class;)Ljava/lang/annotation/Annotation; @ 19
Event: 2,730 Thread 0x00007fc30400a800 Uncommon trap: reason=bimorphic action=maybe_recompile pc=0x00007fc2f5690b50 method=java.util.regex.Pattern$CharProperty.match(Ljava/util/regex/Matcher;ILjava/lang/CharSequence;)Z @ 37
Event: 4,326 Thread 0x00007fc30400a800 Uncommon trap: reason=class_check action=maybe_recompile pc=0x00007fc2f5380f04 method=java.lang.reflect.Executable.getAnnotation(Ljava/lang/Class;)Ljava/lang/annotation/Annotation; @ 19
Event: 4,338 Thread 0x00007fc30400a800 Uncommon trap: reason=bimorphic action=maybe_recompile pc=0x00007fc2f5690b50 method=java.util.regex.Pattern$CharProperty.match(Ljava/util/regex/Matcher;ILjava/lang/CharSequence;)Z @ 37
Event: 7,622 Thread 0x00007fc30400a800 Uncommon trap: reason=unstable_if action=reinterpret pc=0x00007fc2f52b7228 method=java.nio.charset.CharsetDecoder.decode(Ljava/nio/ByteBuffer;Ljava/nio/CharBuffer;Z)Ljava/nio/charset/CoderResult; @ 1

Classes redefined (0 events):
No events

Internal exceptions (10 events):
Event: 2,121 Thread 0x00007fc30400a800 Exception <a 'java/lang/NullPointerException'> (0x00000000f089ddc8) thrown at [/HUDSON/workspace/8-2-build-linux-amd64/jdk8u161/10277/hotspot/src/share/vm/interpreter/linkResolver.cpp, line 1185]
Event: 2,121 Thread 0x00007fc30400a800 Exception <a 'java/lang/NullPointerException'> (0x00000000f089dfe0) thrown at [/HUDSON/workspace/8-2-build-linux-amd64/jdk8u161/10277/hotspot/src/share/vm/interpreter/linkResolver.cpp, line 1185]
Event: 2,121 Thread 0x00007fc30400a800 Exception <a 'java/lang/NullPointerException'> (0x00000000f08a4790) thrown at [/HUDSON/workspace/8-2-build-linux-amd64/jdk8u161/10277/hotspot/src/share/vm/interpreter/linkResolver.cpp, line 1185]
Event: 2,121 Thread 0x00007fc30400a800 Exception <a 'java/lang/NullPointerException'> (0x00000000f08a49a8) thrown at [/HUDSON/workspace/8-2-build-linux-amd64/jdk8u161/10277/hotspot/src/share/vm/interpreter/linkResolver.cpp, line 1185]
Event: 2,121 Thread 0x00007fc30400a800 Exception <a 'java/lang/NullPointerException'> (0x00000000f08a4bc0) thrown at [/HUDSON/workspace/8-2-build-linux-amd64/jdk8u161/10277/hotspot/src/share/vm/interpreter/linkResolver.cpp, line 1185]
Event: 2,308 Thread 0x00007fc30400a800 Implicit null exception at 0x00007fc2f530b3b5 to 0x00007fc2f530b5bd
Event: 2,308 Thread 0x00007fc30400a800 Implicit null exception at 0x00007fc2f532046f to 0x00007fc2f53204d9
Event: 4,475 Thread 0x00007fc30400a800 Exception <a 'java/lang/ClassNotFoundException': com/sun/tools/javac/api/JavacTool> (0x00000000f0959f80) thrown at [/HUDSON/workspace/8-2-build-linux-amd64/jdk8u161/10277/hotspot/src/share/vm/classfile/systemDictionary.cpp, line 210]
Event: 8,771 Thread 0x00007fc30400a800 Exception <a 'java/io/FileNotFoundException'> (0x00000000f0c4d208) thrown at [/HUDSON/workspace/8-2-build-linux-amd64/jdk8u161/10277/hotspot/src/share/vm/prims/jni.cpp, line 709]
Event: 8,793 Thread 0x00007fc30400a800 Exception <a 'java/io/FileNotFoundException'> (0x00000000f0c826f0) thrown at [/HUDSON/workspace/8-2-build-linux-amd64/jdk8u161/10277/hotspot/src/share/vm/prims/jni.cpp, line 709]

Events (10 events):
Event: 8,834 Executing VM operation: GenCollectForAllocation
Event: 8,871 Executing VM operation: GenCollectForAllocation done
Event: 11,873 loading class com/sun/tools/javac/comp/AttrContext
Event: 12,884 loading class com/sun/tools/javac/comp/AttrContext done
Event: 13,215 loading class com/sun/tools/javac/code/Scope$ImportScope$1
Event: 13,217 loading class com/sun/tools/javac/code/Scope$ImportScope$1 done
Event: 13,279 loading class com/sun/tools/javac/jvm/ClassReader$25
Event: 13,283 loading class com/sun/tools/javac/jvm/ClassReader$25 done
Event: 13,378 loading class com/sun/tools/javac/code/TargetType
Event: 13,384 loading class com/sun/tools/javac/code/TargetType done


Dynamic libraries:
00400000-00401000 r-xp 00000000 08:01 281878                             /usr/lib/jvm/java-8-oracle/bin/java
00600000-00601000 rw-p 00000000 08:01 281878                             /usr/lib/jvm/java-8-oracle/bin/java
01fa0000-01fc1000 rw-p 00000000 00:00 0                                  [heap]
f0800000-f0e40000 rw-p 00000000 00:00 0 
f0e40000-f5aa0000 ---p 00000000 00:00 0 
f5aa0000-f671d000 rw-p 00000000 00:00 0 
f671d000-100000000 ---p 00000000 00:00 0 
100000000-1002c0000 rw-p 00000000 00:00 0 
1002c0000-140000000 ---p 00000000 00:00 0 
7fc2d4000000-7fc2d46ae000 rw-p 00000000 00:00 0 
7fc2d46ae000-7fc2d8000000 ---p 00000000 00:00 0 
7fc2d8000000-7fc2d8021000 rw-p 00000000 00:00 0 
7fc2d8021000-7fc2dc000000 ---p 00000000 00:00 0 
7fc2dc000000-7fc2dc021000 rw-p 00000000 00:00 0 
7fc2dc021000-7fc2e0000000 ---p 00000000 00:00 0 
7fc2e0000000-7fc2e12d7000 rw-p 00000000 00:00 0 
7fc2e12d7000-7fc2e4000000 ---p 00000000 00:00 0 
7fc2e4000000-7fc2e4021000 rw-p 00000000 00:00 0 
7fc2e4021000-7fc2e8000000 ---p 00000000 00:00 0 
7fc2e8000000-7fc2e8021000 rw-p 00000000 00:00 0 
7fc2e8021000-7fc2ec000000 ---p 00000000 00:00 0 
7fc2edda7000-7fc2edee7000 rw-p 00000000 00:00 0 
7fc2edee7000-7fc2edfa7000 ---p 00000000 00:00 0 
7fc2edfa7000-7fc2ee1a7000 rw-p 00000000 00:00 0 
7fc2ee1a7000-7fc2ee220000 r--s 010f9000 08:01 281985                     /usr/lib/jvm/java-8-oracle/lib/tools.jar
7fc2ee220000-7fc2ee223000 r--s 0001b000 08:01 289958                     /home/dilara/.m2/repository/junit/junit/3.8.2/junit-3.8.2.jar
7fc2ee223000-7fc2ee231000 r--s 0008f000 08:01 586973                     /home/dilara/.m2/repository/com/google/collections/google-collections/1.0/google-collections-1.0.jar
7fc2ee231000-7fc2ee232000 r--s 0000a000 08:01 586971                     /home/dilara/.m2/repository/commons-logging/commons-logging-api/1.1/commons-logging-api-1.1.jar
7fc2ee232000-7fc2ee239000 r--s 00051000 08:01 586966                     /home/dilara/.m2/repository/log4j/log4j/1.2.12/log4j-1.2.12.jar
7fc2ee239000-7fc2ee23d000 r--s 0001d000 08:01 289961                     /home/dilara/.m2/repository/org/apache/xbean/xbean-reflect/3.4/xbean-reflect-3.4.jar
7fc2ee23d000-7fc2ee23e000 r--s 00004000 08:01 289959                     /home/dilara/.m2/repository/org/codehaus/plexus/plexus-compiler-javac/2.4/plexus-compiler-javac-2.4.jar
7fc2ee23e000-7fc2ee240000 r--s 00000000 08:01 289957                     /home/dilara/.m2/repository/org/codehaus/plexus/plexus-compiler-manager/2.4/plexus-compiler-manager-2.4.jar
7fc2ee240000-7fc2ee242000 r--s 00005000 08:01 289941                     /home/dilara/.m2/repository/org/codehaus/plexus/plexus-compiler-api/2.4/plexus-compiler-api-2.4.jar
7fc2ee242000-7fc2ee244000 r--s 00000000 08:01 289935                     /home/dilara/.m2/repository/org/codehaus/plexus/plexus-component-annotations/1.5.5/plexus-component-annotations-1.5.5.jar
7fc2ee244000-7fc2ee246000 r--s 00002000 08:01 437681                     /home/dilara/.m2/repository/org/apache/maven/shared/maven-shared-incremental/1.1/maven-shared-incremental-1.1.jar
7fc2ee246000-7fc2ee248000 r--s 00006000 08:01 583912                     /home/dilara/.m2/repository/com/google/code/findbugs/jsr305/2.0.1/jsr305-2.0.1.jar
7fc2ee248000-7fc2ee24b000 r--s 00023000 08:01 586967                     /home/dilara/.m2/repository/org/apache/maven/shared/maven-shared-utils/0.1/maven-shared-utils-0.1.jar
7fc2ee24b000-7fc2ee24f000 r--s 00030000 08:01 289938                     /home/dilara/.m2/repository/org/codehaus/plexus/plexus-utils/1.5.1/plexus-utils-1.5.1.jar
7fc2ee24f000-7fc2ee251000 r--s 0000a000 08:01 289673                     /home/dilara/.m2/repository/org/apache/maven/plugins/maven-compiler-plugin/3.2/maven-compiler-plugin-3.2.jar
7fc2ee251000-7fc2ee253000 r--s 0000d000 08:01 289810                     /home/dilara/.m2/repository/org/codehaus/plexus/plexus-interpolation/1.13/plexus-interpolation-1.13.jar
7fc2ee253000-7fc2ee254000 r--s 00001000 08:01 289802                     /home/dilara/.m2/repository/org/sonatype/plexus/plexus-build-api/0.0.4/plexus-build-api-0.0.4.jar
7fc2ee254000-7fc2ee256000 r--s 00009000 08:01 586910                     /home/dilara/.m2/repository/org/apache/maven/shared/maven-filtering/1.1/maven-filtering-1.1.jar
7fc2ee256000-7fc2ee25a000 r--s 00033000 08:01 586908                     /home/dilara/.m2/repository/org/codehaus/plexus/plexus-utils/2.0.5/plexus-utils-2.0.5.jar
7fc2ee25a000-7fc2ee25d000 r--s 0001b000 08:01 289807                     /home/dilara/.m2/repository/junit/junit/3.8.1/junit-3.8.1.jar
7fc2ee25d000-7fc2ee25f000 r--s 00002000 08:01 586902                     /home/dilara/.m2/repository/org/codehaus/plexus/plexus-interactivity-api/1.0-alpha-4/plexus-interactivity-api-1.0-alpha-4.jar
7fc2ee25f000-7fc2ee261000 r--s 00006000 08:01 437373                     /home/dilara/.m2/repository/commons-cli/commons-cli/1.0/commons-cli-1.0.jar
7fc2ee261000-7fc2ee262000 r--s 00001000 08:01 289793                     /home/dilara/.m2/repository/org/apache/maven/doxia/doxia-sink-api/1.0-alpha-7/doxia-sink-api-1.0-alpha-7.jar
7fc2ee262000-7fc2ee462000 rw-p 00000000 00:00 0 
7fc2ee462000-7fc2ee464000 r--s 00006000 08:01 289668                     /home/dilara/.m2/repository/org/apache/maven/plugins/maven-resources-plugin/2.6/maven-resources-plugin-2.6.jar
7fc2ee464000-7fc2ee475000 r-xp 00000000 08:01 283475                     /usr/lib/jvm/java-8-oracle/jre/lib/amd64/libnio.so
7fc2ee475000-7fc2ee674000 ---p 00011000 08:01 283475                     /usr/lib/jvm/java-8-oracle/jre/lib/amd64/libnio.so
7fc2ee674000-7fc2ee675000 rw-p 00010000 08:01 283475                     /usr/lib/jvm/java-8-oracle/jre/lib/amd64/libnio.so
7fc2ee675000-7fc2ee68b000 r-xp 00000000 08:01 283472                     /usr/lib/jvm/java-8-oracle/jre/lib/amd64/libnet.so
7fc2ee68b000-7fc2ee88b000 ---p 00016000 08:01 283472                     /usr/lib/jvm/java-8-oracle/jre/lib/amd64/libnet.so
7fc2ee88b000-7fc2ee88c000 rw-p 00016000 08:01 283472                     /usr/lib/jvm/java-8-oracle/jre/lib/amd64/libnet.so
7fc2ee88c000-7fc2ee896000 r--s 00116000 08:01 283561                     /usr/lib/jvm/java-8-oracle/jre/lib/ext/localedata.jar
7fc2ee896000-7fc2ee89b000 r--s 0009d000 08:01 283413                     /usr/lib/jvm/java-8-oracle/jre/lib/jsse.jar
7fc2ee89b000-7fc2eea9b000 rw-p 00000000 00:00 0 
7fc2eea9b000-7fc2eec9b000 rw-p 00000000 00:00 0 
7fc2eec9b000-7fc2eee9b000 rw-p 00000000 00:00 0 
7fc2eee9b000-7fc2eee9d000 r--s 0000a000 08:01 285316                     /usr/share/java/commons-cli-1.3.1.jar
7fc2eee9d000-7fc2eeeab000 r--s 00095000 08:01 285499                     /usr/share/java/guice.jar
7fc2eeeab000-7fc2eeedc000 r--s 00207000 08:01 285632                     /usr/share/java/wagon-http-shaded-2.x.jar
7fc2eeedc000-7fc2eeedd000 ---p 00000000 00:00 0 
7fc2eeedd000-7fc2eefdd000 rw-p 00000000 00:00 0 
7fc2eefdd000-7fc2eefe0000 ---p 00000000 00:00 0 
7fc2eefe0000-7fc2ef0de000 rw-p 00000000 00:00 0 
7fc2ef0de000-7fc2ef0e1000 ---p 00000000 00:00 0 
7fc2ef0e1000-7fc2ef1df000 rw-p 00000000 00:00 0 
7fc2ef1df000-7fc2ef1e2000 ---p 00000000 00:00 0 
7fc2ef1e2000-7fc2ef2e0000 rw-p 00000000 00:00 0 
7fc2ef2e0000-7fc2ef2e3000 ---p 00000000 00:00 0 
7fc2ef2e3000-7fc2ef3e1000 rw-p 00000000 00:00 0 
7fc2ef3e1000-7fc2efeff000 r--p 00000000 08:01 9166                       /usr/lib/locale/locale-archive
7fc2efeff000-7fc2eff02000 ---p 00000000 00:00 0 
7fc2eff02000-7fc2f0000000 rw-p 00000000 00:00 0 
7fc2f0000000-7fc2f0063000 rw-p 00000000 00:00 0 
7fc2f0063000-7fc2f4000000 ---p 00000000 00:00 0 
7fc2f4000000-7fc2f4001000 r--s 00002000 08:01 289792                     /home/dilara/.m2/repository/org/apache/maven/reporting/maven-reporting-api/2.0.6/maven-reporting-api-2.0.6.jar
7fc2f4001000-7fc2f4002000 r--s 00004000 08:01 285278                     /usr/share/java/atinject-jsr330-tck-1.0.jar
7fc2f4002000-7fc2f4003000 r--s 00001000 08:01 285635                     /usr/share/java/wagon-http-shared-2.x.jar
7fc2f4003000-7fc2f4005000 r--s 0000d000 08:01 285656                     /usr/share/java/maven3-aether-provider-3.3.9.jar
7fc2f4005000-7fc2f4006000 r--s 0000a000 08:01 285647                     /usr/share/java/maven3-settings-3.3.9.jar
7fc2f4006000-7fc2f400d000 r--s 0002c000 08:01 285626                     /usr/share/java/sisu-plexus.jar
7fc2f400d000-7fc2f400f000 r--s 0000a000 08:01 285648                     /usr/share/java/maven3-plugin-api-3.3.9.jar
7fc2f400f000-7fc2f4016000 r--s 0005d000 08:01 285332                     /usr/share/java/commons-lang3.jar
7fc2f4016000-7fc2f401a000 r--s 00020000 08:01 285483                     /usr/share/java/eclipse-aether-util.jar
7fc2f401a000-7fc2f401c000 r--s 00006000 08:01 285480                     /usr/share/java/eclipse-aether-spi.jar
7fc2f401c000-7fc2f401e000 r--s 00001000 08:01 285658                     /usr/share/java/maven3-builder-support-3.3.9.jar
7fc2f401e000-7fc2f401f000 r--s 00001000 08:01 285628                     /usr/share/java/wagon-file-2.x.jar
7fc2f401f000-7fc2f4021000 r--s 00007000 08:01 285400                     /usr/share/java/slf4j-api.jar
7fc2f4021000-7fc2f4022000 r--s 00002000 08:01 285397                     /usr/share/java/slf4j-simple.jar
7fc2f4022000-7fc2f4027000 r--s 00040000 08:01 285330                     /usr/share/java/commons-lang-2.6.jar
7fc2f4027000-7fc2f402c000 r--s 00025000 08:01 285653                     /usr/share/java/maven3-model-builder-3.3.9.jar
7fc2f402c000-7fc2f4033000 r--s 00041000 08:01 285649                     /usr/share/java/maven3-compat-3.3.9.jar
7fc2f4033000-7fc2f4035000 r--s 00013000 08:01 285654                     /usr/share/java/maven3-embedder-3.3.9.jar
7fc2f4035000-7fc2f4061000 r--s 00208000 08:01 285422                     /usr/share/java/guava.jar
7fc2f4061000-7fc2f4065000 r--s 00027000 08:01 285328                     /usr/share/java/commons-io-2.4.jar
7fc2f4065000-7fc2f4068000 ---p 00000000 00:00 0 
7fc2f4068000-7fc2f4166000 rw-p 00000000 00:00 0 
7fc2f4166000-7fc2f4167000 ---p 00000000 00:00 0 
7fc2f4167000-7fc2f4267000 rw-p 00000000 00:00 0 
7fc2f4267000-7fc2f4440000 r--s 03d64000 08:01 283371                     /usr/lib/jvm/java-8-oracle/jre/lib/rt.jar
7fc2f4440000-7fc2f4c40000 rw-p 00000000 00:00 0 
7fc2f4c40000-7fc2f4c61000 rw-p 00000000 00:00 0 
7fc2f4c61000-7fc2f5000000 ---p 00000000 00:00 0 
7fc2f5000000-7fc2f5810000 rwxp 00000000 00:00 0 
7fc2f5820000-7fc304000000 ---p 00000000 00:00 0 
7fc304000000-7fc307c36000 rw-p 00000000 00:00 0 
7fc307c36000-7fc308000000 ---p 00000000 00:00 0 
7fc308000000-7fc308006000 r--s 00048000 08:01 285417                     /usr/share/java/jsoup.jar
7fc308006000-7fc308009000 r--s 0000a000 08:01 285659                     /usr/share/java/maven3-artifact-3.3.9.jar
7fc308009000-7fc30800b000 r--s 0000a000 08:01 285629                     /usr/share/java/wagon-provider-api-2.x.jar
7fc30800b000-7fc308018000 r--s 0008d000 08:01 285650                     /usr/share/java/maven3-core-3.3.9.jar
7fc308018000-7fc30801a000 r--s 00027000 08:01 285655                     /usr/share/java/maven3-model-3.3.9.jar
7fc30801a000-7fc30801e000 r--s 00027000 08:01 285475                     /usr/share/java/eclipse-aether-impl.jar
7fc30801e000-7fc308022000 r--s 00038000 08:01 285611                     /usr/share/java/plexus-utils2.jar
7fc308022000-7fc308027000 r--s 0001d000 08:01 285482                     /usr/share/java/eclipse-aether-api.jar
7fc308027000-7fc308028000 r--s 00008000 08:01 285478                     /usr/share/java/eclipse-aether-connector-basic.jar
7fc308028000-7fc30802a000 r--s 00002000 08:01 285565                     /usr/share/java/plexus-cipher.jar
7fc30802a000-7fc3080c0000 r--s 0110a000 08:01 283555                     /usr/lib/jvm/java-8-oracle/jre/lib/ext/jfxrt.jar
7fc3080c0000-7fc308208000 rw-p 00000000 00:00 0 
7fc308208000-7fc308223000 r-xp 00000000 08:01 283468                     /usr/lib/jvm/java-8-oracle/jre/lib/amd64/libzip.so
7fc308223000-7fc308423000 ---p 0001b000 08:01 283468                     /usr/lib/jvm/java-8-oracle/jre/lib/amd64/libzip.so
7fc308423000-7fc308424000 rw-p 0001b000 08:01 283468                     /usr/lib/jvm/java-8-oracle/jre/lib/amd64/libzip.so
7fc308424000-7fc30842f000 r-xp 00000000 08:01 526475                     /lib/x86_64-linux-gnu/libnss_files-2.23.so
7fc30842f000-7fc30862e000 ---p 0000b000 08:01 526475                     /lib/x86_64-linux-gnu/libnss_files-2.23.so
7fc30862e000-7fc30862f000 r--p 0000a000 08:01 526475                     /lib/x86_64-linux-gnu/libnss_files-2.23.so
7fc30862f000-7fc308630000 rw-p 0000b000 08:01 526475                     /lib/x86_64-linux-gnu/libnss_files-2.23.so
7fc308630000-7fc308636000 rw-p 00000000 00:00 0 
7fc308636000-7fc308641000 r-xp 00000000 08:01 526485                     /lib/x86_64-linux-gnu/libnss_nis-2.23.so
7fc308641000-7fc308840000 ---p 0000b000 08:01 526485                     /lib/x86_64-linux-gnu/libnss_nis-2.23.so
7fc308840000-7fc308841000 r--p 0000a000 08:01 526485                     /lib/x86_64-linux-gnu/libnss_nis-2.23.so
7fc308841000-7fc308842000 rw-p 0000b000 08:01 526485                     /lib/x86_64-linux-gnu/libnss_nis-2.23.so
7fc308842000-7fc308858000 r-xp 00000000 08:01 526469                     /lib/x86_64-linux-gnu/libnsl-2.23.so
7fc308858000-7fc308a57000 ---p 00016000 08:01 526469                     /lib/x86_64-linux-gnu/libnsl-2.23.so
7fc308a57000-7fc308a58000 r--p 00015000 08:01 526469                     /lib/x86_64-linux-gnu/libnsl-2.23.so
7fc308a58000-7fc308a59000 rw-p 00016000 08:01 526469                     /lib/x86_64-linux-gnu/libnsl-2.23.so
7fc308a59000-7fc308a5b000 rw-p 00000000 00:00 0 
7fc308a5b000-7fc308a63000 r-xp 00000000 08:01 526471                     /lib/x86_64-linux-gnu/libnss_compat-2.23.so
7fc308a63000-7fc308c62000 ---p 00008000 08:01 526471                     /lib/x86_64-linux-gnu/libnss_compat-2.23.so
7fc308c62000-7fc308c63000 r--p 00007000 08:01 526471                     /lib/x86_64-linux-gnu/libnss_compat-2.23.so
7fc308c63000-7fc308c64000 rw-p 00008000 08:01 526471                     /lib/x86_64-linux-gnu/libnss_compat-2.23.so
7fc308c64000-7fc308c8f000 r-xp 00000000 08:01 283462                     /usr/lib/jvm/java-8-oracle/jre/lib/amd64/libjava.so
7fc308c8f000-7fc308e8e000 ---p 0002b000 08:01 283462                     /usr/lib/jvm/java-8-oracle/jre/lib/amd64/libjava.so
7fc308e8e000-7fc308e90000 rw-p 0002a000 08:01 283462                     /usr/lib/jvm/java-8-oracle/jre/lib/amd64/libjava.so
7fc308e90000-7fc308e9d000 r-xp 00000000 08:01 283467                     /usr/lib/jvm/java-8-oracle/jre/lib/amd64/libverify.so
7fc308e9d000-7fc30909d000 ---p 0000d000 08:01 283467                     /usr/lib/jvm/java-8-oracle/jre/lib/amd64/libverify.so
7fc30909d000-7fc30909f000 rw-p 0000d000 08:01 283467                     /usr/lib/jvm/java-8-oracle/jre/lib/amd64/libverify.so
7fc30909f000-7fc3090a6000 r-xp 00000000 08:01 526530                     /lib/x86_64-linux-gnu/librt-2.23.so
7fc3090a6000-7fc3092a5000 ---p 00007000 08:01 526530                     /lib/x86_64-linux-gnu/librt-2.23.so
7fc3092a5000-7fc3092a6000 r--p 00006000 08:01 526530                     /lib/x86_64-linux-gnu/librt-2.23.so
7fc3092a6000-7fc3092a7000 rw-p 00007000 08:01 526530                     /lib/x86_64-linux-gnu/librt-2.23.so
7fc3092a7000-7fc3093af000 r-xp 00000000 08:01 526446                     /lib/x86_64-linux-gnu/libm-2.23.so
7fc3093af000-7fc3095ae000 ---p 00108000 08:01 526446                     /lib/x86_64-linux-gnu/libm-2.23.so
7fc3095ae000-7fc3095af000 r--p 00107000 08:01 526446                     /lib/x86_64-linux-gnu/libm-2.23.so
7fc3095af000-7fc3095b0000 rw-p 00108000 08:01 526446                     /lib/x86_64-linux-gnu/libm-2.23.so
7fc3095b0000-7fc30a289000 r-xp 00000000 08:01 283445                     /usr/lib/jvm/java-8-oracle/jre/lib/amd64/server/libjvm.so
7fc30a289000-7fc30a488000 ---p 00cd9000 08:01 283445                     /usr/lib/jvm/java-8-oracle/jre/lib/amd64/server/libjvm.so
7fc30a488000-7fc30a561000 rw-p 00cd8000 08:01 283445                     /usr/lib/jvm/java-8-oracle/jre/lib/amd64/server/libjvm.so
7fc30a561000-7fc30a5ad000 rw-p 00000000 00:00 0 
7fc30a5ad000-7fc30a76d000 r-xp 00000000 08:01 526376                     /lib/x86_64-linux-gnu/libc-2.23.so
7fc30a76d000-7fc30a96d000 ---p 001c0000 08:01 526376                     /lib/x86_64-linux-gnu/libc-2.23.so
7fc30a96d000-7fc30a971000 r--p 001c0000 08:01 526376                     /lib/x86_64-linux-gnu/libc-2.23.so
7fc30a971000-7fc30a973000 rw-p 001c4000 08:01 526376                     /lib/x86_64-linux-gnu/libc-2.23.so
7fc30a973000-7fc30a977000 rw-p 00000000 00:00 0 
7fc30a977000-7fc30a97a000 r-xp 00000000 08:01 526400                     /lib/x86_64-linux-gnu/libdl-2.23.so
7fc30a97a000-7fc30ab79000 ---p 00003000 08:01 526400                     /lib/x86_64-linux-gnu/libdl-2.23.so
7fc30ab79000-7fc30ab7a000 r--p 00002000 08:01 526400                     /lib/x86_64-linux-gnu/libdl-2.23.so
7fc30ab7a000-7fc30ab7b000 rw-p 00003000 08:01 526400                     /lib/x86_64-linux-gnu/libdl-2.23.so
7fc30ab7b000-7fc30ab91000 r-xp 00000000 08:01 283239                     /usr/lib/jvm/java-8-oracle/lib/amd64/jli/libjli.so
7fc30ab91000-7fc30ad90000 ---p 00016000 08:01 283239                     /usr/lib/jvm/java-8-oracle/lib/amd64/jli/libjli.so
7fc30ad90000-7fc30ad91000 rw-p 00015000 08:01 283239                     /usr/lib/jvm/java-8-oracle/lib/amd64/jli/libjli.so
7fc30ad91000-7fc30ada9000 r-xp 00000000 08:01 526522                     /lib/x86_64-linux-gnu/libpthread-2.23.so
7fc30ada9000-7fc30afa8000 ---p 00018000 08:01 526522                     /lib/x86_64-linux-gnu/libpthread-2.23.so
7fc30afa8000-7fc30afa9000 r--p 00017000 08:01 526522                     /lib/x86_64-linux-gnu/libpthread-2.23.so
7fc30afa9000-7fc30afaa000 rw-p 00018000 08:01 526522                     /lib/x86_64-linux-gnu/libpthread-2.23.so
7fc30afaa000-7fc30afae000 rw-p 00000000 00:00 0 
7fc30afae000-7fc30afd4000 r-xp 00000000 08:01 526348                     /lib/x86_64-linux-gnu/ld-2.23.so
7fc30afd4000-7fc30afd6000 r--s 0000e000 08:01 285379                     /usr/share/java/plexus-interpolation.jar
7fc30afd6000-7fc30afd9000 r--s 00007000 08:01 285657                     /usr/share/java/maven3-settings-builder-3.3.9.jar
7fc30afd9000-7fc30afdb000 r--s 00000000 08:01 285615                     /usr/share/java/plexus-component-annotations-1.5.jar
7fc30afdb000-7fc30afdc000 r--s 00006000 08:01 285652                     /usr/share/java/maven3-repository-metadata-3.3.9.jar
7fc30afdc000-7fc30afde000 r--s 00001000 08:01 285494                     /usr/share/java/aopalliance-1.0.jar
7fc30afde000-7fc30afe6000 r--s 00054000 08:01 285624                     /usr/share/java/sisu-inject.jar
7fc30afe6000-7fc30afed000 rw-p 00000000 00:00 0 
7fc30afed000-7fc30b039000 ---p 00000000 00:00 0 
7fc30b039000-7fc30b03d000 rw-p 00000000 00:00 0 
7fc30b03d000-7fc30b062000 ---p 00000000 00:00 0 
7fc30b062000-7fc30b069000 rw-p 00000000 00:00 0 
7fc30b069000-7fc30b0b5000 ---p 00000000 00:00 0 
7fc30b0b5000-7fc30b0b6000 rw-p 00000000 00:00 0 
7fc30b0b6000-7fc30b0b9000 ---p 00000000 00:00 0 
7fc30b0b9000-7fc30b1bb000 rw-p 00000000 00:00 0 
7fc30b1bb000-7fc30b1bd000 r--s 00005000 08:01 285481                     /usr/share/java/eclipse-aether-transport-wagon.jar
7fc30b1bd000-7fc30b1be000 r--s 00006000 08:01 285567                     /usr/share/java/plexus-sec-dispatcher.jar
7fc30b1be000-7fc30b1bf000 r--s 00000000 08:01 285293                     /usr/share/java/geronimo-interceptor-3.0-spec-1.0.1.jar
7fc30b1bf000-7fc30b1c1000 r--s 00012000 08:01 285295                     /usr/share/java/el-api-3.0.jar
7fc30b1c1000-7fc30b1c2000 r--s 00000000 08:01 285279                     /usr/share/java/atinject-jsr330-api-1.0.jar
7fc30b1c2000-7fc30b1c5000 r--s 00008000 08:01 285308                     /usr/share/java/cdi-api-1.0.jar
7fc30b1c5000-7fc30b1c7000 r--s 0000a000 08:01 285609                     /usr/share/java/plexus-classworlds2-2.5.2.jar
7fc30b1c7000-7fc30b1cf000 rw-s 00000000 08:01 437741                     /tmp/hsperfdata_dilara/6947
7fc30b1cf000-7fc30b1d0000 rw-p 00000000 00:00 0 
7fc30b1d0000-7fc30b1d1000 r--p 00000000 00:00 0 
7fc30b1d1000-7fc30b1d3000 rw-p 00000000 00:00 0 
7fc30b1d3000-7fc30b1d4000 r--p 00025000 08:01 526348                     /lib/x86_64-linux-gnu/ld-2.23.so
7fc30b1d4000-7fc30b1d5000 rw-p 00026000 08:01 526348                     /lib/x86_64-linux-gnu/ld-2.23.so
7fc30b1d5000-7fc30b1d6000 rw-p 00000000 00:00 0 
7ffea5730000-7ffea5751000 rw-p 00000000 00:00 0                          [stack]
7ffea5781000-7ffea5783000 r--p 00000000 00:00 0                          [vvar]
7ffea5783000-7ffea5785000 r-xp 00000000 00:00 0                          [vdso]
ffffffffff600000-ffffffffff601000 r-xp 00000000 00:00 0                  [vsyscall]

VM Arguments:
jvm_args: -Dclassworlds.conf=/usr/share/maven/bin/m2.conf -Dmaven.home=/usr/share/maven -Dmaven.multiModuleProjectDirectory=/home/dilara/myDemoApp 
java_command: org.codehaus.plexus.classworlds.launcher.Launcher compile
java_class_path (initial): /usr/share/maven/boot/plexus-classworlds-2.x.jar
Launcher Type: SUN_STANDARD

Environment Variables:
JAVA_HOME=/usr/lib/jvm/java-8-oracle
PATH=/home/dilara/bin:/home/dilara/.local/bin:/usr/local/sbin:/usr/local/bin:/usr/sbin:/usr/bin:/sbin:/bin:/usr/games:/usr/local/games:/snap/bin:/usr/lib/jvm/java-8-oracle/bin:/usr/lib/jvm/java-8-oracle/db/bin:/usr/lib/jvm/java-8-oracle/jre/bin
SHELL=/bin/bash
DISPLAY=:0

Signal Handlers:
SIGSEGV: [libjvm.so+0xad01e0], sa_mask[0]=11111111011111111101111111111110, sa_flags=SA_RESTART|SA_SIGINFO
SIGBUS: [libjvm.so+0xad01e0], sa_mask[0]=11111111011111111101111111111110, sa_flags=SA_RESTART|SA_SIGINFO
SIGFPE: [libjvm.so+0x927fb0], sa_mask[0]=11111111011111111101111111111110, sa_flags=SA_RESTART|SA_SIGINFO
SIGPIPE: [libjvm.so+0x927fb0], sa_mask[0]=11111111011111111101111111111110, sa_flags=SA_RESTART|SA_SIGINFO
SIGXFSZ: [libjvm.so+0x927fb0], sa_mask[0]=11111111011111111101111111111110, sa_flags=SA_RESTART|SA_SIGINFO
SIGILL: [libjvm.so+0x927fb0], sa_mask[0]=11111111011111111101111111111110, sa_flags=SA_RESTART|SA_SIGINFO
SIGUSR1: SIG_DFL, sa_mask[0]=00000000000000000000000000000000, sa_flags=none
SIGUSR2: [libjvm.so+0x9297f0], sa_mask[0]=00000000000000000000000000000000, sa_flags=SA_RESTART|SA_SIGINFO
SIGHUP: [libjvm.so+0x92abf0], sa_mask[0]=11111111011111111101111111111110, sa_flags=SA_RESTART|SA_SIGINFO
SIGINT: [libjvm.so+0x92abf0], sa_mask[0]=11111111011111111101111111111110, sa_flags=SA_RESTART|SA_SIGINFO
SIGTERM: [libjvm.so+0x92abf0], sa_mask[0]=11111111011111111101111111111110, sa_flags=SA_RESTART|SA_SIGINFO
SIGQUIT: [libjvm.so+0x92abf0], sa_mask[0]=11111111011111111101111111111110, sa_flags=SA_RESTART|SA_SIGINFO


---------------  S Y S T E M  ---------------

OS:DISTRIB_ID=Ubuntu
DISTRIB_RELEASE=16.04
DISTRIB_CODENAME=xenial
DISTRIB_DESCRIPTION="Ubuntu 16.04.3 LTS"

uname:Linux 4.10.0-28-generic #32~16.04.2-Ubuntu SMP Thu Jul 20 10:19:48 UTC 2017 x86_64
libc:glibc 2.23 NPTL 2.23 
rlimit: STACK 8192k, CORE 0k, NPROC 3785, NOFILE 1048576, AS infinity
load average:2,41 1,19 1,28

/proc/meminfo:
MemTotal:        1013768 kB
MemFree:           48984 kB
MemAvailable:          0 kB
Buffers:             180 kB
Cached:            15560 kB
SwapCached:         5560 kB
Active:           430300 kB
Inactive:         432348 kB
Active(anon):     427336 kB
Inactive(anon):   428272 kB
Active(file):       2964 kB
Inactive(file):     4076 kB
Unevictable:           0 kB
Mlocked:               0 kB
SwapTotal:       1046524 kB
SwapFree:              0 kB
Dirty:                28 kB
Writeback:            52 kB
AnonPages:        841604 kB
Mapped:            12996 kB
Shmem:              8632 kB
Slab:              40820 kB
SReclaimable:      17172 kB
SUnreclaim:        23648 kB
KernelStack:        7408 kB
PageTables:        32784 kB
NFS_Unstable:          0 kB
Bounce:                0 kB
WritebackTmp:          0 kB
CommitLimit:     1553408 kB
Committed_AS:    4945016 kB
VmallocTotal:   34359738367 kB
VmallocUsed:           0 kB
VmallocChunk:          0 kB
HardwareCorrupted:     0 kB
AnonHugePages:    110592 kB
ShmemHugePages:        0 kB
ShmemPmdMapped:        0 kB
CmaTotal:              0 kB
CmaFree:               0 kB
HugePages_Total:       0
HugePages_Free:        0
HugePages_Rsvd:        0
HugePages_Surp:        0
Hugepagesize:       2048 kB
DirectMap4k:       88000 kB
DirectMap2M:      960512 kB


CPU:total 1 (initial active 1) (1 cores per cpu, 1 threads per core) family 6 model 94 stepping 3, cmov, cx8, fxsr, mmx, sse, sse2, sse3, ssse3, sse4.1, sse4.2, popcnt, avx, avx2, aes, clmul, 3dnowpref, lzcnt, tsc, tscinvbit

/proc/cpuinfo:
processor	: 0
vendor_id	: GenuineIntel
cpu family	: 6
model		: 94
model name	: Intel(R) Core(TM) i7-6700K CPU @ 4.00GHz
stepping	: 3
cpu MHz		: 4007.992
cache size	: 8192 KB
physical id	: 0
siblings	: 1
core id		: 0
cpu cores	: 1
apicid		: 0
initial apicid	: 0
fpu		: yes
fpu_exception	: yes
cpuid level	: 22
wp		: yes
flags		: fpu vme de pse tsc msr pae mce cx8 apic sep mtrr pge mca cmov pat pse36 clflush mmx fxsr sse sse2 syscall nx rdtscp lm constant_tsc rep_good nopl xtopology nonstop_tsc pni pclmulqdq monitor ssse3 cx16 sse4_1 sse4_2 x2apic movbe popcnt aes xsave avx rdrand hypervisor lahf_lm abm 3dnowprefetch avx2 rdseed clflushopt
bugs		:
bogomips	: 8015.98
clflush size	: 64
cache_alignment	: 64
address sizes	: 39 bits physical, 48 bits virtual
power management:



Memory: 4k page, physical 1013768k(48776k free), swap 1046524k(0k free)

vm_info: Java HotSpot(TM) 64-Bit Server VM (25.161-b12) for linux-amd64 JRE (1.8.0_161-b12), built on Dec 19 2017 16:12:43 by "java_re" with gcc 4.3.0 20080428 (Red Hat 4.3.0-8)

time: Wed Feb 14 21:03:17 2018
elapsed time: 15 seconds (0d 0h 0m 15s)

